<testsuites id="" name="" tests="19" failures="9" skipped="10" errors="0" time="599.548512">
<testsuite name="responsive-design.spec.ts" timestamp="2025-11-14T20:45:07.248Z" hostname="chromium" tests="19" failures="9" skipped="10" time="589.49" errors="0">
<testcase name="Feature: Responsive Design › Mobile - Portrait › should display mobile navigation correctly" classname="responsive-design.spec.ts" time="61.624">
<failure message="responsive-design.spec.ts:18:9 should display mobile navigation correctly" type="FAILURE">
<![CDATA[  [chromium] › responsive-design.spec.ts:18:9 › Feature: Responsive Design › Mobile - Portrait › should display mobile navigation correctly 

    Test timeout of 60000ms exceeded.

    Error: page.waitForLoadState: Test timeout of 60000ms exceeded.

       at page-objects/BasePage.ts:33

      31 |    */
      32 |   async waitForPageLoad(): Promise<void> {
    > 33 |     await this.page.waitForLoadState('networkidle');
         |                     ^
      34 |   }
      35 |
      36 |   /**
        at DashboardPage.waitForPageLoad (/Users/private/projects/studio/e2e/page-objects/BasePage.ts:33:21)
        at DashboardPage.navigate (/Users/private/projects/studio/e2e/page-objects/DashboardPage.ts:39:16)
        at /Users/private/projects/studio/e2e/responsive-design.spec.ts:21:7

    attachment #1: screenshot (image/png) ──────────────────────────────────────────────────────────
    ../test-results/responsive-design-Feature--2f87f-mobile-navigation-correctly-chromium/test-failed-1.png
    ────────────────────────────────────────────────────────────────────────────────────────────────

    attachment #2: video (video/webm) ──────────────────────────────────────────────────────────────
    ../test-results/responsive-design-Feature--2f87f-mobile-navigation-correctly-chromium/video.webm
    ────────────────────────────────────────────────────────────────────────────────────────────────

    Error Context: ../test-results/responsive-design-Feature--2f87f-mobile-navigation-correctly-chromium/error-context.md
]]>
</failure>
<system-out>
<![CDATA[
[[ATTACHMENT|responsive-design-Feature--2f87f-mobile-navigation-correctly-chromium/test-failed-1.png]]

[[ATTACHMENT|responsive-design-Feature--2f87f-mobile-navigation-correctly-chromium/video.webm]]

[[ATTACHMENT|responsive-design-Feature--2f87f-mobile-navigation-correctly-chromium/error-context.md]]
]]>
</system-out>
</testcase>
<testcase name="Feature: Responsive Design › Mobile - Portrait › should adapt dashboard layout for mobile" classname="responsive-design.spec.ts" time="61.979">
<failure message="responsive-design.spec.ts:30:9 should adapt dashboard layout for mobile" type="FAILURE">
<![CDATA[  [chromium] › responsive-design.spec.ts:30:9 › Feature: Responsive Design › Mobile - Portrait › should adapt dashboard layout for mobile 

    Test timeout of 60000ms exceeded.

    Error: page.waitForLoadState: Test timeout of 60000ms exceeded.

       at page-objects/BasePage.ts:33

      31 |    */
      32 |   async waitForPageLoad(): Promise<void> {
    > 33 |     await this.page.waitForLoadState('networkidle');
         |                     ^
      34 |   }
      35 |
      36 |   /**
        at DashboardPage.waitForPageLoad (/Users/private/projects/studio/e2e/page-objects/BasePage.ts:33:21)
        at DashboardPage.navigate (/Users/private/projects/studio/e2e/page-objects/DashboardPage.ts:39:16)
        at /Users/private/projects/studio/e2e/responsive-design.spec.ts:33:7

    attachment #1: screenshot (image/png) ──────────────────────────────────────────────────────────
    ../test-results/responsive-design-Feature--3667c-dashboard-layout-for-mobile-chromium/test-failed-1.png
    ────────────────────────────────────────────────────────────────────────────────────────────────

    attachment #2: video (video/webm) ──────────────────────────────────────────────────────────────
    ../test-results/responsive-design-Feature--3667c-dashboard-layout-for-mobile-chromium/video.webm
    ────────────────────────────────────────────────────────────────────────────────────────────────

    Error Context: ../test-results/responsive-design-Feature--3667c-dashboard-layout-for-mobile-chromium/error-context.md
]]>
</failure>
<system-out>
<![CDATA[
[[ATTACHMENT|responsive-design-Feature--3667c-dashboard-layout-for-mobile-chromium/test-failed-1.png]]

[[ATTACHMENT|responsive-design-Feature--3667c-dashboard-layout-for-mobile-chromium/video.webm]]

[[ATTACHMENT|responsive-design-Feature--3667c-dashboard-layout-for-mobile-chromium/error-context.md]]
]]>
</system-out>
</testcase>
<testcase name="Feature: Responsive Design › Mobile - Portrait › should make action buttons accessible on mobile" classname="responsive-design.spec.ts" time="62.023">
<failure message="responsive-design.spec.ts:43:9 should make action buttons accessible on mobile" type="FAILURE">
<![CDATA[  [chromium] › responsive-design.spec.ts:43:9 › Feature: Responsive Design › Mobile - Portrait › should make action buttons accessible on mobile 

    Test timeout of 60000ms exceeded.

    Error: page.waitForLoadState: Test timeout of 60000ms exceeded.

       at page-objects/BasePage.ts:33

      31 |    */
      32 |   async waitForPageLoad(): Promise<void> {
    > 33 |     await this.page.waitForLoadState('networkidle');
         |                     ^
      34 |   }
      35 |
      36 |   /**
        at DashboardPage.waitForPageLoad (/Users/private/projects/studio/e2e/page-objects/BasePage.ts:33:21)
        at DashboardPage.navigate (/Users/private/projects/studio/e2e/page-objects/DashboardPage.ts:39:16)
        at /Users/private/projects/studio/e2e/responsive-design.spec.ts:46:7

    attachment #1: screenshot (image/png) ──────────────────────────────────────────────────────────
    ../test-results/responsive-design-Feature--637eb-uttons-accessible-on-mobile-chromium/test-failed-1.png
    ────────────────────────────────────────────────────────────────────────────────────────────────

    attachment #2: video (video/webm) ──────────────────────────────────────────────────────────────
    ../test-results/responsive-design-Feature--637eb-uttons-accessible-on-mobile-chromium/video.webm
    ────────────────────────────────────────────────────────────────────────────────────────────────

    Error Context: ../test-results/responsive-design-Feature--637eb-uttons-accessible-on-mobile-chromium/error-context.md
]]>
</failure>
<system-out>
<![CDATA[
[[ATTACHMENT|responsive-design-Feature--637eb-uttons-accessible-on-mobile-chromium/test-failed-1.png]]

[[ATTACHMENT|responsive-design-Feature--637eb-uttons-accessible-on-mobile-chromium/video.webm]]

[[ATTACHMENT|responsive-design-Feature--637eb-uttons-accessible-on-mobile-chromium/error-context.md]]
]]>
</system-out>
</testcase>
<testcase name="Feature: Responsive Design › Mobile - Portrait › should handle table scrolling on mobile" classname="responsive-design.spec.ts" time="61.817">
<failure message="responsive-design.spec.ts:53:9 should handle table scrolling on mobile" type="FAILURE">
<![CDATA[  [chromium] › responsive-design.spec.ts:53:9 › Feature: Responsive Design › Mobile - Portrait › should handle table scrolling on mobile 

    Test timeout of 60000ms exceeded.

    Error: page.waitForLoadState: Test timeout of 60000ms exceeded.

       at page-objects/BasePage.ts:33

      31 |    */
      32 |   async waitForPageLoad(): Promise<void> {
    > 33 |     await this.page.waitForLoadState('networkidle');
         |                     ^
      34 |   }
      35 |
      36 |   /**
        at MoneyPage.waitForPageLoad (/Users/private/projects/studio/e2e/page-objects/BasePage.ts:33:21)
        at MoneyPage.navigate (/Users/private/projects/studio/e2e/page-objects/MoneyPage.ts:71:16)
        at /Users/private/projects/studio/e2e/responsive-design.spec.ts:56:7

    attachment #1: screenshot (image/png) ──────────────────────────────────────────────────────────
    ../test-results/responsive-design-Feature--51149-e-table-scrolling-on-mobile-chromium/test-failed-1.png
    ────────────────────────────────────────────────────────────────────────────────────────────────

    attachment #2: video (video/webm) ──────────────────────────────────────────────────────────────
    ../test-results/responsive-design-Feature--51149-e-table-scrolling-on-mobile-chromium/video.webm
    ────────────────────────────────────────────────────────────────────────────────────────────────

    Error Context: ../test-results/responsive-design-Feature--51149-e-table-scrolling-on-mobile-chromium/error-context.md
]]>
</failure>
<system-out>
<![CDATA[
[[ATTACHMENT|responsive-design-Feature--51149-e-table-scrolling-on-mobile-chromium/test-failed-1.png]]

[[ATTACHMENT|responsive-design-Feature--51149-e-table-scrolling-on-mobile-chromium/video.webm]]

[[ATTACHMENT|responsive-design-Feature--51149-e-table-scrolling-on-mobile-chromium/error-context.md]]
]]>
</system-out>
</testcase>
<testcase name="Feature: Responsive Design › Mobile - Landscape › should adapt to landscape orientation" classname="responsive-design.spec.ts" time="62.037">
<failure message="responsive-design.spec.ts:70:9 should adapt to landscape orientation" type="FAILURE">
<![CDATA[  [chromium] › responsive-design.spec.ts:70:9 › Feature: Responsive Design › Mobile - Landscape › should adapt to landscape orientation 

    Test timeout of 60000ms exceeded.

    Error: page.waitForLoadState: Test timeout of 60000ms exceeded.

       at page-objects/BasePage.ts:33

      31 |    */
      32 |   async waitForPageLoad(): Promise<void> {
    > 33 |     await this.page.waitForLoadState('networkidle');
         |                     ^
      34 |   }
      35 |
      36 |   /**
        at DashboardPage.waitForPageLoad (/Users/private/projects/studio/e2e/page-objects/BasePage.ts:33:21)
        at DashboardPage.navigate (/Users/private/projects/studio/e2e/page-objects/DashboardPage.ts:39:16)
        at /Users/private/projects/studio/e2e/responsive-design.spec.ts:73:7

    attachment #1: screenshot (image/png) ──────────────────────────────────────────────────────────
    ../test-results/responsive-design-Feature--cf34b-pt-to-landscape-orientation-chromium/test-failed-1.png
    ────────────────────────────────────────────────────────────────────────────────────────────────

    attachment #2: video (video/webm) ──────────────────────────────────────────────────────────────
    ../test-results/responsive-design-Feature--cf34b-pt-to-landscape-orientation-chromium/video.webm
    ────────────────────────────────────────────────────────────────────────────────────────────────

    Error Context: ../test-results/responsive-design-Feature--cf34b-pt-to-landscape-orientation-chromium/error-context.md
]]>
</failure>
<system-out>
<![CDATA[
[[ATTACHMENT|responsive-design-Feature--cf34b-pt-to-landscape-orientation-chromium/test-failed-1.png]]

[[ATTACHMENT|responsive-design-Feature--cf34b-pt-to-landscape-orientation-chromium/video.webm]]

[[ATTACHMENT|responsive-design-Feature--cf34b-pt-to-landscape-orientation-chromium/error-context.md]]
]]>
</system-out>
</testcase>
<testcase name="Feature: Responsive Design › Tablet › should display tablet layout correctly" classname="responsive-design.spec.ts" time="62.01">
<failure message="responsive-design.spec.ts:83:9 should display tablet layout correctly" type="FAILURE">
<![CDATA[  [chromium] › responsive-design.spec.ts:83:9 › Feature: Responsive Design › Tablet › should display tablet layout correctly 

    Test timeout of 60000ms exceeded.

    Error: page.waitForLoadState: Test timeout of 60000ms exceeded.

       at page-objects/BasePage.ts:33

      31 |    */
      32 |   async waitForPageLoad(): Promise<void> {
    > 33 |     await this.page.waitForLoadState('networkidle');
         |                     ^
      34 |   }
      35 |
      36 |   /**
        at DashboardPage.waitForPageLoad (/Users/private/projects/studio/e2e/page-objects/BasePage.ts:33:21)
        at DashboardPage.navigate (/Users/private/projects/studio/e2e/page-objects/DashboardPage.ts:39:16)
        at /Users/private/projects/studio/e2e/responsive-design.spec.ts:86:7

    attachment #1: screenshot (image/png) ──────────────────────────────────────────────────────────
    ../test-results/responsive-design-Feature--d04cd-lay-tablet-layout-correctly-chromium/test-failed-1.png
    ────────────────────────────────────────────────────────────────────────────────────────────────

    attachment #2: video (video/webm) ──────────────────────────────────────────────────────────────
    ../test-results/responsive-design-Feature--d04cd-lay-tablet-layout-correctly-chromium/video.webm
    ────────────────────────────────────────────────────────────────────────────────────────────────

    Error Context: ../test-results/responsive-design-Feature--d04cd-lay-tablet-layout-correctly-chromium/error-context.md
]]>
</failure>
<system-out>
<![CDATA[
[[ATTACHMENT|responsive-design-Feature--d04cd-lay-tablet-layout-correctly-chromium/test-failed-1.png]]

[[ATTACHMENT|responsive-design-Feature--d04cd-lay-tablet-layout-correctly-chromium/video.webm]]

[[ATTACHMENT|responsive-design-Feature--d04cd-lay-tablet-layout-correctly-chromium/error-context.md]]
]]>
</system-out>
</testcase>
<testcase name="Feature: Responsive Design › Tablet › should show grid layouts on tablet" classname="responsive-design.spec.ts" time="62.656">
<failure message="responsive-design.spec.ts:96:9 should show grid layouts on tablet" type="FAILURE">
<![CDATA[  [chromium] › responsive-design.spec.ts:96:9 › Feature: Responsive Design › Tablet › should show grid layouts on tablet 

    Test timeout of 60000ms exceeded.

    Error: page.waitForLoadState: Test timeout of 60000ms exceeded.

       at page-objects/BasePage.ts:33

      31 |    */
      32 |   async waitForPageLoad(): Promise<void> {
    > 33 |     await this.page.waitForLoadState('networkidle');
         |                     ^
      34 |   }
      35 |
      36 |   /**
        at DashboardPage.waitForPageLoad (/Users/private/projects/studio/e2e/page-objects/BasePage.ts:33:21)
        at DashboardPage.navigate (/Users/private/projects/studio/e2e/page-objects/DashboardPage.ts:39:16)
        at /Users/private/projects/studio/e2e/responsive-design.spec.ts:99:7

    attachment #1: screenshot (image/png) ──────────────────────────────────────────────────────────
    ../test-results/responsive-design-Feature--7c4a9-show-grid-layouts-on-tablet-chromium/test-failed-1.png
    ────────────────────────────────────────────────────────────────────────────────────────────────

    attachment #2: video (video/webm) ──────────────────────────────────────────────────────────────
    ../test-results/responsive-design-Feature--7c4a9-show-grid-layouts-on-tablet-chromium/video.webm
    ────────────────────────────────────────────────────────────────────────────────────────────────

    Error Context: ../test-results/responsive-design-Feature--7c4a9-show-grid-layouts-on-tablet-chromium/error-context.md
]]>
</failure>
<system-out>
<![CDATA[
[[ATTACHMENT|responsive-design-Feature--7c4a9-show-grid-layouts-on-tablet-chromium/test-failed-1.png]]

[[ATTACHMENT|responsive-design-Feature--7c4a9-show-grid-layouts-on-tablet-chromium/video.webm]]

[[ATTACHMENT|responsive-design-Feature--7c4a9-show-grid-layouts-on-tablet-chromium/error-context.md]]
]]>
</system-out>
</testcase>
<testcase name="Feature: Responsive Design › Desktop › should display full desktop layout" classname="responsive-design.spec.ts" time="62.603">
<failure message="responsive-design.spec.ts:109:9 should display full desktop layout" type="FAILURE">
<![CDATA[  [chromium] › responsive-design.spec.ts:109:9 › Feature: Responsive Design › Desktop › should display full desktop layout 

    Test timeout of 60000ms exceeded.

    Error: page.waitForLoadState: Test timeout of 60000ms exceeded.

       at page-objects/BasePage.ts:33

      31 |    */
      32 |   async waitForPageLoad(): Promise<void> {
    > 33 |     await this.page.waitForLoadState('networkidle');
         |                     ^
      34 |   }
      35 |
      36 |   /**
        at DashboardPage.waitForPageLoad (/Users/private/projects/studio/e2e/page-objects/BasePage.ts:33:21)
        at DashboardPage.navigate (/Users/private/projects/studio/e2e/page-objects/DashboardPage.ts:39:16)
        at /Users/private/projects/studio/e2e/responsive-design.spec.ts:112:7

    attachment #1: screenshot (image/png) ──────────────────────────────────────────────────────────
    ../test-results/responsive-design-Feature--b93ab-display-full-desktop-layout-chromium/test-failed-1.png
    ────────────────────────────────────────────────────────────────────────────────────────────────

    attachment #2: video (video/webm) ──────────────────────────────────────────────────────────────
    ../test-results/responsive-design-Feature--b93ab-display-full-desktop-layout-chromium/video.webm
    ────────────────────────────────────────────────────────────────────────────────────────────────

    Error Context: ../test-results/responsive-design-Feature--b93ab-display-full-desktop-layout-chromium/error-context.md
]]>
</failure>
<system-out>
<![CDATA[
[[ATTACHMENT|responsive-design-Feature--b93ab-display-full-desktop-layout-chromium/test-failed-1.png]]

[[ATTACHMENT|responsive-design-Feature--b93ab-display-full-desktop-layout-chromium/video.webm]]

[[ATTACHMENT|responsive-design-Feature--b93ab-display-full-desktop-layout-chromium/error-context.md]]
]]>
</system-out>
</testcase>
<testcase name="Feature: Responsive Design › Desktop › should show sidebar navigation on desktop" classname="responsive-design.spec.ts" time="62.067">
<failure message="responsive-design.spec.ts:121:9 should show sidebar navigation on desktop" type="FAILURE">
<![CDATA[  [chromium] › responsive-design.spec.ts:121:9 › Feature: Responsive Design › Desktop › should show sidebar navigation on desktop 

    Test timeout of 60000ms exceeded.

    Error: page.waitForLoadState: Test timeout of 60000ms exceeded.

       at page-objects/BasePage.ts:33

      31 |    */
      32 |   async waitForPageLoad(): Promise<void> {
    > 33 |     await this.page.waitForLoadState('networkidle');
         |                     ^
      34 |   }
      35 |
      36 |   /**
        at DashboardPage.waitForPageLoad (/Users/private/projects/studio/e2e/page-objects/BasePage.ts:33:21)
        at DashboardPage.navigate (/Users/private/projects/studio/e2e/page-objects/DashboardPage.ts:39:16)
        at /Users/private/projects/studio/e2e/responsive-design.spec.ts:124:7

    attachment #1: screenshot (image/png) ──────────────────────────────────────────────────────────
    ../test-results/responsive-design-Feature--71ce7-debar-navigation-on-desktop-chromium/test-failed-1.png
    ────────────────────────────────────────────────────────────────────────────────────────────────

    attachment #2: video (video/webm) ──────────────────────────────────────────────────────────────
    ../test-results/responsive-design-Feature--71ce7-debar-navigation-on-desktop-chromium/video.webm
    ────────────────────────────────────────────────────────────────────────────────────────────────

    Error Context: ../test-results/responsive-design-Feature--71ce7-debar-navigation-on-desktop-chromium/error-context.md
]]>
</failure>
<system-out>
<![CDATA[
[[ATTACHMENT|responsive-design-Feature--71ce7-debar-navigation-on-desktop-chromium/test-failed-1.png]]

[[ATTACHMENT|responsive-design-Feature--71ce7-debar-navigation-on-desktop-chromium/video.webm]]

[[ATTACHMENT|responsive-design-Feature--71ce7-debar-navigation-on-desktop-chromium/error-context.md]]
]]>
</system-out>
</testcase>
<testcase name="Feature: Responsive Design › Desktop › should display charts at full width on desktop" classname="responsive-design.spec.ts" time="30.674">
<skipped>
</skipped>
</testcase>
<testcase name="Feature: Responsive Design › Desktop › should show hover effects on desktop" classname="responsive-design.spec.ts" time="0">
<skipped>
</skipped>
</testcase>
<testcase name="Feature: Responsive Design › Cross-Device Consistency › should maintain data consistency across viewports" classname="responsive-design.spec.ts" time="0">
<skipped>
</skipped>
</testcase>
<testcase name="Feature: Responsive Design › Cross-Device Consistency › should maintain functionality across devices" classname="responsive-design.spec.ts" time="0">
<skipped>
</skipped>
</testcase>
<testcase name="Feature: Responsive Design › Orientation Changes › should handle orientation change gracefully" classname="responsive-design.spec.ts" time="0">
<skipped>
</skipped>
</testcase>
<testcase name="Feature: Responsive Design › Touch Interactions › should support touch interactions on mobile" classname="responsive-design.spec.ts" time="0">
<skipped>
</skipped>
</testcase>
<testcase name="Feature: Responsive Design › Touch Interactions › should support swipe gestures for scrolling" classname="responsive-design.spec.ts" time="0">
<skipped>
</skipped>
</testcase>
<testcase name="Feature: Responsive Design › Text Readability › should maintain readable text on small screens" classname="responsive-design.spec.ts" time="0">
<skipped>
</skipped>
</testcase>
<testcase name="Feature: Responsive Design › Text Readability › should not cause horizontal scrolling on mobile" classname="responsive-design.spec.ts" time="0">
<skipped>
</skipped>
</testcase>
<testcase name="Feature: Responsive Design › Performance on Different Devices › should load quickly on mobile networks" classname="responsive-design.spec.ts" time="0">
<skipped>
</skipped>
</testcase>
</testsuite>
</testsuites>