<testsuites id="" name="" tests="86" failures="57" skipped="26" errors="0" time="592.9195209999999">
<testsuite name="accessibility.spec.ts" timestamp="2025-11-17T22:07:46.142Z" hostname="chromium" tests="23" failures="10" skipped="13" time="577.809" errors="0">
<testcase name="Feature: Accessibility › WCAG Compliance › should not have accessibility violations on dashboard" classname="accessibility.spec.ts" time="11.416">
<failure message="accessibility.spec.ts:19:9 should not have accessibility violations on dashboard" type="FAILURE">
<![CDATA[  [chromium] › accessibility.spec.ts:19:9 › Feature: Accessibility › WCAG Compliance › should not have accessibility violations on dashboard 

    Error: expect(received).toEqual(expected) // deep equality

    - Expected  -   1
    + Received  + 342

    - Array []
    + Array [
    +   Object {
    +     "description": "Ensure the contrast between foreground and background colors meets WCAG 2 AA minimum contrast ratio thresholds",
    +     "help": "Elements must meet minimum color contrast ratio thresholds",
    +     "helpUrl": "https://dequeuniversity.com/rules/axe/4.11/color-contrast?application=playwright",
    +     "id": "color-contrast",
    +     "impact": "serious",
    +     "nodes": Array [
    +       Object {
    +         "all": Array [],
    +         "any": Array [
    +           Object {
    +             "data": Object {
    +               "bgColor": "#ffffff",
    +               "contrastRatio": 2.54,
    +               "expectedContrastRatio": "4.5:1",
    +               "fgColor": "#25aee4",
    +               "fontSize": "15.0pt (20px)",
    +               "fontWeight": "normal",
    +               "messageKey": null,
    +             },
    +             "id": "color-contrast",
    +             "impact": "serious",
    +             "message": "Element has insufficient color contrast of 2.54 (foreground color: #25aee4, background color: #ffffff, font size: 15.0pt (20px), font weight: normal). Expected contrast ratio of 4.5:1",
    +             "relatedNodes": Array [
    +               Object {
    +                 "html": "<div data-sidebar=\"sidebar\" class=\"flex h-full w-full flex-col bg-sidebar group-data-[variant=floating]:rounded-lg group-data-[variant=floating]:border group-data-[variant=floating]:border-sidebar-border group-data-[variant=floating]:shadow\">",
    +                 "target": Array [
    +                   ".bg-sidebar",
    +                 ],
    +               },
    +             ],
    +           },
    +         ],
    +         "failureSummary": "Fix any of the following:
    +   Element has insufficient color contrast of 2.54 (foreground color: #25aee4, background color: #ffffff, font size: 15.0pt (20px), font weight: normal). Expected contrast ratio of 4.5:1",
    +         "html": "<h1 class=\"text-xl font-headline font-semibold text-primary\">balanceUp</h1>",
    +         "impact": "serious",
    +         "none": Array [],
    +         "target": Array [
    +           ".items-center.gap-2.flex > h1",
    +         ],
    +       },
    +     ],
    +     "tags": Array [
    +       "cat.color",
    +       "wcag2aa",
    +       "wcag143",
    +       "TTv5",
    +       "TT13.c",
    +       "EN-301-549",
    +       "EN-9.1.4.3",
    +       "ACT",
    +       "RGAAv4",
    +       "RGAA-3.2.1",
    +     ],
    +   },
    +   Object {
    +     "description": "Ensure each HTML document contains a non-empty <title> element",
    +     "help": "Documents must have <title> element to aid in navigation",
    +     "helpUrl": "https://dequeuniversity.com/rules/axe/4.11/document-title?application=playwright",
    +     "id": "document-title",
    +     "impact": "serious",
    +     "nodes": Array [
    +       Object {
    +         "all": Array [],
    +         "any": Array [
    +           Object {
    +             "data": null,
    +             "id": "doc-has-title",
    +             "impact": "serious",
    +             "message": "Document does not have a non-empty <title> element",
    +             "relatedNodes": Array [],
    +           },
    +         ],
    +         "failureSummary": "Fix any of the following:
    +   Document does not have a non-empty <title> element",
    +         "html": "<html lang=\"en\">",
    +         "impact": "serious",
    +         "none": Array [],
    +         "target": Array [
    +           "html",
    +         ],
    +       },
    +     ],
    +     "tags": Array [
    +       "cat.text-alternatives",
    +       "wcag2a",
    +       "wcag242",
    +       "TTv5",
    +       "TT12.a",
    +       "EN-301-549",
    +       "EN-9.2.4.2",
    +       "ACT",
    +       "RGAAv4",
    +       "RGAA-8.5.1",
    +     ],
    +   },
    +   Object {
    +     "description": "Ensure the main landmark is at top level",
    +     "help": "Main landmark should not be contained in another landmark",
    +     "helpUrl": "https://dequeuniversity.com/rules/axe/4.11/landmark-main-is-top-level?application=playwright",
    +     "id": "landmark-main-is-top-level",
    +     "impact": "moderate",
    +     "nodes": Array [
    +       Object {
    +         "all": Array [],
    +         "any": Array [
    +           Object {
    +             "data": Object {
    +               "role": "main",
    +             },
    +             "id": "landmark-is-top-level",
    +             "impact": "moderate",
    +             "message": "The main landmark is contained in another landmark.",
    +             "relatedNodes": Array [],
    +           },
    +         ],
    +         "failureSummary": "Fix any of the following:
    +   The main landmark is contained in another landmark.",
    +         "html": "<main class=\"flex flex-1 flex-col\">",
    +         "impact": "moderate",
    +         "none": Array [],
    +         "target": Array [
    +           ".peer-data-\\[variant\\=inset\\]\\:min-h-\\[calc\\(100svh-theme\\(spacing\\.4\\)\\)\\] > main",
    +         ],
    +       },
    +     ],
    +     "tags": Array [
    +       "cat.semantics",
    +       "best-practice",
    +     ],
    +   },
    +   Object {
    +     "description": "Ensure the document has at most one main landmark",
    +     "help": "Document should not have more than one main landmark",
    +     "helpUrl": "https://dequeuniversity.com/rules/axe/4.11/landmark-no-duplicate-main?application=playwright",
    +     "id": "landmark-no-duplicate-main",
    +     "impact": "moderate",
    +     "nodes": Array [
    +       Object {
    +         "all": Array [],
    +         "any": Array [
    +           Object {
    +             "data": null,
    +             "id": "page-no-duplicate-main",
    +             "impact": "moderate",
    +             "message": "Document has more than one main landmark",
    +             "relatedNodes": Array [
    +               Object {
    +                 "html": "<main class=\"flex flex-1 flex-col\">",
    +                 "target": Array [
    +                   ".peer-data-\\[variant\\=inset\\]\\:min-h-\\[calc\\(100svh-theme\\(spacing\\.4\\)\\)\\] > main",
    +                 ],
    +               },
    +             ],
    +           },
    +         ],
    +         "failureSummary": "Fix any of the following:
    +   Document has more than one main landmark",
    +         "html": "<main class=\"relative flex min-h-...\">",
    +         "impact": "moderate",
    +         "none": Array [],
    +         "target": Array [
    +           ".peer-data-\\[variant\\=inset\\]\\:min-h-\\[calc\\(100svh-theme\\(spacing\\.4\\)\\)\\]",
    +         ],
    +       },
    +     ],
    +     "tags": Array [
    +       "cat.semantics",
    +       "best-practice",
    +     ],
    +   },
    +   Object {
    +     "description": "Ensure landmarks are unique",
    +     "help": "Landmarks should have a unique role or role/label/title (i.e. accessible name) combination",
    +     "helpUrl": "https://dequeuniversity.com/rules/axe/4.11/landmark-unique?application=playwright",
    +     "id": "landmark-unique",
    +     "impact": "moderate",
    +     "nodes": Array [
    +       Object {
    +         "all": Array [],
    +         "any": Array [
    +           Object {
    +             "data": Object {
    +               "accessibleText": null,
    +               "role": "main",
    +             },
    +             "id": "landmark-is-unique",
    +             "impact": "moderate",
    +             "message": "The landmark must have a unique aria-label, aria-labelledby, or title to make landmarks distinguishable",
    +             "relatedNodes": Array [
    +               Object {
    +                 "html": "<main class=\"flex flex-1 flex-col\">",
    +                 "target": Array [
    +                   ".peer-data-\\[variant\\=inset\\]\\:min-h-\\[calc\\(100svh-theme\\(spacing\\.4\\)\\)\\] > main",
    +                 ],
    +               },
    +             ],
    +           },
    +         ],
    +         "failureSummary": "Fix any of the following:
    +   The landmark must have a unique aria-label, aria-labelledby, or title to make landmarks distinguishable",
    +         "html": "<main class=\"relative flex min-h-...\">",
    +         "impact": "moderate",
    +         "none": Array [],
    +         "target": Array [
    +           ".peer-data-\\[variant\\=inset\\]\\:min-h-\\[calc\\(100svh-theme\\(spacing\\.4\\)\\)\\]",
    +         ],
    +       },
    +     ],
    +     "tags": Array [
    +       "cat.semantics",
    +       "best-practice",
    +     ],
    +   },
    +   Object {
    +     "description": "Ensure all page content is contained by landmarks",
    +     "help": "All page content should be contained by landmarks",
    +     "helpUrl": "https://dequeuniversity.com/rules/axe/4.11/region?application=playwright",
    +     "id": "region",
    +     "impact": "moderate",
    +     "nodes": Array [
    +       Object {
    +         "all": Array [],
    +         "any": Array [
    +           Object {
    +             "data": Object {
    +               "isIframe": false,
    +             },
    +             "id": "region",
    +             "impact": "moderate",
    +             "message": "Some page content is not contained by landmarks",
    +             "relatedNodes": Array [],
    +           },
    +         ],
    +         "failureSummary": "Fix any of the following:
    +   Some page content is not contained by landmarks",
    +         "html": "<h1 class=\"text-xl font-headline font-semibold text-primary\">balanceUp</h1>",
    +         "impact": "moderate",
    +         "none": Array [],
    +         "target": Array [
    +           ".items-center.gap-2.flex > h1",
    +         ],
    +       },
    +       Object {
    +         "all": Array [],
    +         "any": Array [
    +           Object {
    +             "data": Object {
    +               "isIframe": false,
    +             },
    +             "id": "region",
    +             "impact": "moderate",
    +             "message": "Some page content is not contained by landmarks",
    +             "relatedNodes": Array [],
    +           },
    +         ],
    +         "failureSummary": "Fix any of the following:
    +   Some page content is not contained by landmarks",
    +         "html": "<span>Dashboard</span>",
    +         "impact": "moderate",
    +         "none": Array [],
    +         "target": Array [
    +           "a[data-active=\"true\"] > span",
    +         ],
    +       },
    +       Object {
    +         "all": Array [],
    +         "any": Array [
    +           Object {
    +             "data": Object {
    +               "isIframe": false,
    +             },
    +             "id": "region",
    +             "impact": "moderate",
    +             "message": "Some page content is not contained by landmarks",
    +             "relatedNodes": Array [],
    +           },
    +         ],
    +         "failureSummary": "Fix any of the following:
    +   Some page content is not contained by landmarks",
    +         "html": "<span>Players</span>",
    +         "impact": "moderate",
    +         "none": Array [],
    +         "target": Array [
    +           "a[href$=\"players\"] > span",
    +         ],
    +       },
    +       Object {
    +         "all": Array [],
    +         "any": Array [
    +           Object {
    +             "data": Object {
    +               "isIframe": false,
    +             },
    +             "id": "region",
    +             "impact": "moderate",
    +             "message": "Some page content is not contained by landmarks",
    +             "relatedNodes": Array [],
    +           },
    +         ],
    +         "failureSummary": "Fix any of the following:
    +   Some page content is not contained by landmarks",
    +         "html": "<span>Money</span>",
    +         "impact": "moderate",
    +         "none": Array [],
    +         "target": Array [
    +           "a[href$=\"money\"] > span",
    +         ],
    +       },
    +       Object {
    +         "all": Array [],
    +         "any": Array [
    +           Object {
    +             "data": Object {
    +               "isIframe": false,
    +             },
    +             "id": "region",
    +             "impact": "moderate",
    +             "message": "Some page content is not contained by landmarks",
    +             "relatedNodes": Array [],
    +           },
    +         ],
    +         "failureSummary": "Fix any of the following:
    +   Some page content is not contained by landmarks",
    +         "html": "<span>Settings</span>",
    +         "impact": "moderate",
    +         "none": Array [],
    +         "target": Array [
    +           "a[href$=\"settings\"] > span",
    +         ],
    +       },
    +     ],
    +     "tags": Array [
    +       "cat.keyboard",
    +       "best-practice",
    +       "RGAAv4",
    +       "RGAA-9.2.1",
    +     ],
    +   },
    + ]

      23 |       const accessibilityScanResults = await new AxeBuilder({ page }).analyze();
      24 |
    > 25 |       expect(accessibilityScanResults.violations).toEqual([]);
         |                                                   ^
      26 |     });
      27 |
      28 |     test('should not have accessibility violations on players page', async ({ page }) => {
        at /Users/private/projects/studio/e2e/accessibility.spec.ts:25:51

    attachment #1: screenshot (image/png) ──────────────────────────────────────────────────────────
    ../test-results/accessibility-Feature-Acce-23fe3-ity-violations-on-dashboard-chromium/test-failed-1.png
    ────────────────────────────────────────────────────────────────────────────────────────────────

    attachment #2: video (video/webm) ──────────────────────────────────────────────────────────────
    ../test-results/accessibility-Feature-Acce-23fe3-ity-violations-on-dashboard-chromium/video-1.webm
    ────────────────────────────────────────────────────────────────────────────────────────────────

    attachment #3: video (video/webm) ──────────────────────────────────────────────────────────────
    ../test-results/accessibility-Feature-Acce-23fe3-ity-violations-on-dashboard-chromium/video.webm
    ────────────────────────────────────────────────────────────────────────────────────────────────

    Error Context: ../test-results/accessibility-Feature-Acce-23fe3-ity-violations-on-dashboard-chromium/error-context.md
]]>
</failure>
<system-out>
<![CDATA[
[[ATTACHMENT|accessibility-Feature-Acce-23fe3-ity-violations-on-dashboard-chromium/test-failed-1.png]]

[[ATTACHMENT|accessibility-Feature-Acce-23fe3-ity-violations-on-dashboard-chromium/video-1.webm]]

[[ATTACHMENT|accessibility-Feature-Acce-23fe3-ity-violations-on-dashboard-chromium/video.webm]]

[[ATTACHMENT|accessibility-Feature-Acce-23fe3-ity-violations-on-dashboard-chromium/error-context.md]]
]]>
</system-out>
</testcase>
<testcase name="Feature: Accessibility › WCAG Compliance › should not have accessibility violations on players page" classname="accessibility.spec.ts" time="62.645">
<failure message="accessibility.spec.ts:28:9 should not have accessibility violations on players page" type="FAILURE">
<![CDATA[  [chromium] › accessibility.spec.ts:28:9 › Feature: Accessibility › WCAG Compliance › should not have accessibility violations on players page 

    Test timeout of 60000ms exceeded.

    Error: page.waitForLoadState: Test timeout of 60000ms exceeded.

       at page-objects/BasePage.ts:33

      31 |    */
      32 |   async waitForPageLoad(): Promise<void> {
    > 33 |     await this.page.waitForLoadState('networkidle');
         |                     ^
      34 |   }
      35 |
      36 |   /**
        at PlayersPage.waitForPageLoad (/Users/private/projects/studio/e2e/page-objects/BasePage.ts:33:21)
        at PlayersPage.navigate (/Users/private/projects/studio/e2e/page-objects/PlayersPage.ts:49:16)
        at /Users/private/projects/studio/e2e/accessibility.spec.ts:30:7

    attachment #1: screenshot (image/png) ──────────────────────────────────────────────────────────
    ../test-results/accessibility-Feature-Acce-29d69--violations-on-players-page-chromium/test-failed-1.png
    ────────────────────────────────────────────────────────────────────────────────────────────────

    attachment #2: video (video/webm) ──────────────────────────────────────────────────────────────
    ../test-results/accessibility-Feature-Acce-29d69--violations-on-players-page-chromium/video.webm
    ────────────────────────────────────────────────────────────────────────────────────────────────

    Error Context: ../test-results/accessibility-Feature-Acce-29d69--violations-on-players-page-chromium/error-context.md
]]>
</failure>
<system-out>
<![CDATA[
[[ATTACHMENT|accessibility-Feature-Acce-29d69--violations-on-players-page-chromium/test-failed-1.png]]

[[ATTACHMENT|accessibility-Feature-Acce-29d69--violations-on-players-page-chromium/video.webm]]

[[ATTACHMENT|accessibility-Feature-Acce-29d69--violations-on-players-page-chromium/error-context.md]]
]]>
</system-out>
</testcase>
<testcase name="Feature: Accessibility › WCAG Compliance › should not have accessibility violations on money page" classname="accessibility.spec.ts" time="62.46">
<failure message="accessibility.spec.ts:37:9 should not have accessibility violations on money page" type="FAILURE">
<![CDATA[  [chromium] › accessibility.spec.ts:37:9 › Feature: Accessibility › WCAG Compliance › should not have accessibility violations on money page 

    Test timeout of 60000ms exceeded.

    Error: page.waitForLoadState: Test timeout of 60000ms exceeded.

       at page-objects/BasePage.ts:33

      31 |    */
      32 |   async waitForPageLoad(): Promise<void> {
    > 33 |     await this.page.waitForLoadState('networkidle');
         |                     ^
      34 |   }
      35 |
      36 |   /**
        at MoneyPage.waitForPageLoad (/Users/private/projects/studio/e2e/page-objects/BasePage.ts:33:21)
        at MoneyPage.navigate (/Users/private/projects/studio/e2e/page-objects/MoneyPage.ts:71:16)
        at /Users/private/projects/studio/e2e/accessibility.spec.ts:39:7

    attachment #1: screenshot (image/png) ──────────────────────────────────────────────────────────
    ../test-results/accessibility-Feature-Acce-a38be-ty-violations-on-money-page-chromium/test-failed-1.png
    ────────────────────────────────────────────────────────────────────────────────────────────────

    attachment #2: video (video/webm) ──────────────────────────────────────────────────────────────
    ../test-results/accessibility-Feature-Acce-a38be-ty-violations-on-money-page-chromium/video.webm
    ────────────────────────────────────────────────────────────────────────────────────────────────

    Error Context: ../test-results/accessibility-Feature-Acce-a38be-ty-violations-on-money-page-chromium/error-context.md
]]>
</failure>
<system-out>
<![CDATA[
[[ATTACHMENT|accessibility-Feature-Acce-a38be-ty-violations-on-money-page-chromium/test-failed-1.png]]

[[ATTACHMENT|accessibility-Feature-Acce-a38be-ty-violations-on-money-page-chromium/video.webm]]

[[ATTACHMENT|accessibility-Feature-Acce-a38be-ty-violations-on-money-page-chromium/error-context.md]]
]]>
</system-out>
</testcase>
<testcase name="Feature: Accessibility › Keyboard Navigation › should navigate using Tab key" classname="accessibility.spec.ts" time="62.279">
<failure message="accessibility.spec.ts:48:9 should navigate using Tab key" type="FAILURE">
<![CDATA[  [chromium] › accessibility.spec.ts:48:9 › Feature: Accessibility › Keyboard Navigation › should navigate using Tab key 

    Test timeout of 60000ms exceeded.

    Error: page.waitForLoadState: Test timeout of 60000ms exceeded.

       at page-objects/BasePage.ts:33

      31 |    */
      32 |   async waitForPageLoad(): Promise<void> {
    > 33 |     await this.page.waitForLoadState('networkidle');
         |                     ^
      34 |   }
      35 |
      36 |   /**
        at DashboardPage.waitForPageLoad (/Users/private/projects/studio/e2e/page-objects/BasePage.ts:33:21)
        at DashboardPage.navigate (/Users/private/projects/studio/e2e/page-objects/DashboardPage.ts:39:16)
        at /Users/private/projects/studio/e2e/accessibility.spec.ts:50:7

    attachment #1: screenshot (image/png) ──────────────────────────────────────────────────────────
    ../test-results/accessibility-Feature-Acce-5d116-ould-navigate-using-Tab-key-chromium/test-failed-1.png
    ────────────────────────────────────────────────────────────────────────────────────────────────

    attachment #2: video (video/webm) ──────────────────────────────────────────────────────────────
    ../test-results/accessibility-Feature-Acce-5d116-ould-navigate-using-Tab-key-chromium/video.webm
    ────────────────────────────────────────────────────────────────────────────────────────────────

    Error Context: ../test-results/accessibility-Feature-Acce-5d116-ould-navigate-using-Tab-key-chromium/error-context.md
]]>
</failure>
<system-out>
<![CDATA[
[[ATTACHMENT|accessibility-Feature-Acce-5d116-ould-navigate-using-Tab-key-chromium/test-failed-1.png]]

[[ATTACHMENT|accessibility-Feature-Acce-5d116-ould-navigate-using-Tab-key-chromium/video.webm]]

[[ATTACHMENT|accessibility-Feature-Acce-5d116-ould-navigate-using-Tab-key-chromium/error-context.md]]
]]>
</system-out>
</testcase>
<testcase name="Feature: Accessibility › Keyboard Navigation › should activate buttons with Enter key" classname="accessibility.spec.ts" time="62.738">
<failure message="accessibility.spec.ts:61:9 should activate buttons with Enter key" type="FAILURE">
<![CDATA[  [chromium] › accessibility.spec.ts:61:9 › Feature: Accessibility › Keyboard Navigation › should activate buttons with Enter key 

    Test timeout of 60000ms exceeded.

    Error: page.waitForLoadState: Test timeout of 60000ms exceeded.

       at page-objects/BasePage.ts:33

      31 |    */
      32 |   async waitForPageLoad(): Promise<void> {
    > 33 |     await this.page.waitForLoadState('networkidle');
         |                     ^
      34 |   }
      35 |
      36 |   /**
        at DashboardPage.waitForPageLoad (/Users/private/projects/studio/e2e/page-objects/BasePage.ts:33:21)
        at DashboardPage.navigate (/Users/private/projects/studio/e2e/page-objects/DashboardPage.ts:39:16)
        at /Users/private/projects/studio/e2e/accessibility.spec.ts:63:7

    attachment #1: screenshot (image/png) ──────────────────────────────────────────────────────────
    ../test-results/accessibility-Feature-Acce-2aab8-vate-buttons-with-Enter-key-chromium/test-failed-1.png
    ────────────────────────────────────────────────────────────────────────────────────────────────

    attachment #2: video (video/webm) ──────────────────────────────────────────────────────────────
    ../test-results/accessibility-Feature-Acce-2aab8-vate-buttons-with-Enter-key-chromium/video.webm
    ────────────────────────────────────────────────────────────────────────────────────────────────

    Error Context: ../test-results/accessibility-Feature-Acce-2aab8-vate-buttons-with-Enter-key-chromium/error-context.md
]]>
</failure>
<system-out>
<![CDATA[
[[ATTACHMENT|accessibility-Feature-Acce-2aab8-vate-buttons-with-Enter-key-chromium/test-failed-1.png]]

[[ATTACHMENT|accessibility-Feature-Acce-2aab8-vate-buttons-with-Enter-key-chromium/video.webm]]

[[ATTACHMENT|accessibility-Feature-Acce-2aab8-vate-buttons-with-Enter-key-chromium/error-context.md]]
]]>
</system-out>
</testcase>
<testcase name="Feature: Accessibility › Keyboard Navigation › should activate buttons with Space key" classname="accessibility.spec.ts" time="62.181">
<failure message="accessibility.spec.ts:76:9 should activate buttons with Space key" type="FAILURE">
<![CDATA[  [chromium] › accessibility.spec.ts:76:9 › Feature: Accessibility › Keyboard Navigation › should activate buttons with Space key 

    Test timeout of 60000ms exceeded.

    Error: page.waitForLoadState: Test timeout of 60000ms exceeded.

       at page-objects/BasePage.ts:33

      31 |    */
      32 |   async waitForPageLoad(): Promise<void> {
    > 33 |     await this.page.waitForLoadState('networkidle');
         |                     ^
      34 |   }
      35 |
      36 |   /**
        at DashboardPage.waitForPageLoad (/Users/private/projects/studio/e2e/page-objects/BasePage.ts:33:21)
        at DashboardPage.navigate (/Users/private/projects/studio/e2e/page-objects/DashboardPage.ts:39:16)
        at /Users/private/projects/studio/e2e/accessibility.spec.ts:78:7

    attachment #1: screenshot (image/png) ──────────────────────────────────────────────────────────
    ../test-results/accessibility-Feature-Acce-132d2-vate-buttons-with-Space-key-chromium/test-failed-1.png
    ────────────────────────────────────────────────────────────────────────────────────────────────

    attachment #2: video (video/webm) ──────────────────────────────────────────────────────────────
    ../test-results/accessibility-Feature-Acce-132d2-vate-buttons-with-Space-key-chromium/video.webm
    ────────────────────────────────────────────────────────────────────────────────────────────────

    Error Context: ../test-results/accessibility-Feature-Acce-132d2-vate-buttons-with-Space-key-chromium/error-context.md
]]>
</failure>
<system-out>
<![CDATA[
[[ATTACHMENT|accessibility-Feature-Acce-132d2-vate-buttons-with-Space-key-chromium/test-failed-1.png]]

[[ATTACHMENT|accessibility-Feature-Acce-132d2-vate-buttons-with-Space-key-chromium/video.webm]]

[[ATTACHMENT|accessibility-Feature-Acce-132d2-vate-buttons-with-Space-key-chromium/error-context.md]]
]]>
</system-out>
</testcase>
<testcase name="Feature: Accessibility › Keyboard Navigation › should close dialogs with Escape key" classname="accessibility.spec.ts" time="62.1">
<failure message="accessibility.spec.ts:91:9 should close dialogs with Escape key" type="FAILURE">
<![CDATA[  [chromium] › accessibility.spec.ts:91:9 › Feature: Accessibility › Keyboard Navigation › should close dialogs with Escape key 

    Test timeout of 60000ms exceeded.

    Error: page.waitForLoadState: Test timeout of 60000ms exceeded.

       at page-objects/BasePage.ts:33

      31 |    */
      32 |   async waitForPageLoad(): Promise<void> {
    > 33 |     await this.page.waitForLoadState('networkidle');
         |                     ^
      34 |   }
      35 |
      36 |   /**
        at DashboardPage.waitForPageLoad (/Users/private/projects/studio/e2e/page-objects/BasePage.ts:33:21)
        at DashboardPage.navigate (/Users/private/projects/studio/e2e/page-objects/DashboardPage.ts:39:16)
        at /Users/private/projects/studio/e2e/accessibility.spec.ts:93:7

    attachment #1: screenshot (image/png) ──────────────────────────────────────────────────────────
    ../test-results/accessibility-Feature-Acce-ddc83-ose-dialogs-with-Escape-key-chromium/test-failed-1.png
    ────────────────────────────────────────────────────────────────────────────────────────────────

    attachment #2: video (video/webm) ──────────────────────────────────────────────────────────────
    ../test-results/accessibility-Feature-Acce-ddc83-ose-dialogs-with-Escape-key-chromium/video.webm
    ────────────────────────────────────────────────────────────────────────────────────────────────

    Error Context: ../test-results/accessibility-Feature-Acce-ddc83-ose-dialogs-with-Escape-key-chromium/error-context.md
]]>
</failure>
<system-out>
<![CDATA[
[[ATTACHMENT|accessibility-Feature-Acce-ddc83-ose-dialogs-with-Escape-key-chromium/test-failed-1.png]]

[[ATTACHMENT|accessibility-Feature-Acce-ddc83-ose-dialogs-with-Escape-key-chromium/video.webm]]

[[ATTACHMENT|accessibility-Feature-Acce-ddc83-ose-dialogs-with-Escape-key-chromium/error-context.md]]
]]>
</system-out>
</testcase>
<testcase name="Feature: Accessibility › Keyboard Navigation › should navigate through form fields with Tab" classname="accessibility.spec.ts" time="62.121">
<failure message="accessibility.spec.ts:108:9 should navigate through form fields with Tab" type="FAILURE">
<![CDATA[  [chromium] › accessibility.spec.ts:108:9 › Feature: Accessibility › Keyboard Navigation › should navigate through form fields with Tab 

    Test timeout of 60000ms exceeded.

    Error: page.waitForLoadState: Test timeout of 60000ms exceeded.

       at page-objects/BasePage.ts:33

      31 |    */
      32 |   async waitForPageLoad(): Promise<void> {
    > 33 |     await this.page.waitForLoadState('networkidle');
         |                     ^
      34 |   }
      35 |
      36 |   /**
        at PlayersPage.waitForPageLoad (/Users/private/projects/studio/e2e/page-objects/BasePage.ts:33:21)
        at PlayersPage.navigate (/Users/private/projects/studio/e2e/page-objects/PlayersPage.ts:49:16)
        at /Users/private/projects/studio/e2e/accessibility.spec.ts:110:7

    attachment #1: screenshot (image/png) ──────────────────────────────────────────────────────────
    ../test-results/accessibility-Feature-Acce-126ab-hrough-form-fields-with-Tab-chromium/test-failed-1.png
    ────────────────────────────────────────────────────────────────────────────────────────────────

    attachment #2: video (video/webm) ──────────────────────────────────────────────────────────────
    ../test-results/accessibility-Feature-Acce-126ab-hrough-form-fields-with-Tab-chromium/video.webm
    ────────────────────────────────────────────────────────────────────────────────────────────────

    Error Context: ../test-results/accessibility-Feature-Acce-126ab-hrough-form-fields-with-Tab-chromium/error-context.md
]]>
</failure>
<system-out>
<![CDATA[
[[ATTACHMENT|accessibility-Feature-Acce-126ab-hrough-form-fields-with-Tab-chromium/test-failed-1.png]]

[[ATTACHMENT|accessibility-Feature-Acce-126ab-hrough-form-fields-with-Tab-chromium/video.webm]]

[[ATTACHMENT|accessibility-Feature-Acce-126ab-hrough-form-fields-with-Tab-chromium/error-context.md]]
]]>
</system-out>
</testcase>
<testcase name="Feature: Accessibility › Keyboard Navigation › should navigate tables with arrow keys" classname="accessibility.spec.ts" time="62.305">
<failure message="accessibility.spec.ts:124:9 should navigate tables with arrow keys" type="FAILURE">
<![CDATA[  [chromium] › accessibility.spec.ts:124:9 › Feature: Accessibility › Keyboard Navigation › should navigate tables with arrow keys 

    Test timeout of 60000ms exceeded.

    Error: page.waitForLoadState: Test timeout of 60000ms exceeded.

       at page-objects/BasePage.ts:33

      31 |    */
      32 |   async waitForPageLoad(): Promise<void> {
    > 33 |     await this.page.waitForLoadState('networkidle');
         |                     ^
      34 |   }
      35 |
      36 |   /**
        at PlayersPage.waitForPageLoad (/Users/private/projects/studio/e2e/page-objects/BasePage.ts:33:21)
        at PlayersPage.navigate (/Users/private/projects/studio/e2e/page-objects/PlayersPage.ts:49:16)
        at /Users/private/projects/studio/e2e/accessibility.spec.ts:126:7

    attachment #1: screenshot (image/png) ──────────────────────────────────────────────────────────
    ../test-results/accessibility-Feature-Acce-03af2-gate-tables-with-arrow-keys-chromium/test-failed-1.png
    ────────────────────────────────────────────────────────────────────────────────────────────────

    attachment #2: video (video/webm) ──────────────────────────────────────────────────────────────
    ../test-results/accessibility-Feature-Acce-03af2-gate-tables-with-arrow-keys-chromium/video.webm
    ────────────────────────────────────────────────────────────────────────────────────────────────

    Error Context: ../test-results/accessibility-Feature-Acce-03af2-gate-tables-with-arrow-keys-chromium/error-context.md
]]>
</failure>
<system-out>
<![CDATA[
[[ATTACHMENT|accessibility-Feature-Acce-03af2-gate-tables-with-arrow-keys-chromium/test-failed-1.png]]

[[ATTACHMENT|accessibility-Feature-Acce-03af2-gate-tables-with-arrow-keys-chromium/video.webm]]

[[ATTACHMENT|accessibility-Feature-Acce-03af2-gate-tables-with-arrow-keys-chromium/error-context.md]]
]]>
</system-out>
</testcase>
<testcase name="Feature: Accessibility › Screen Reader Support › should have proper heading hierarchy" classname="accessibility.spec.ts" time="62.113">
<failure message="accessibility.spec.ts:143:9 should have proper heading hierarchy" type="FAILURE">
<![CDATA[  [chromium] › accessibility.spec.ts:143:9 › Feature: Accessibility › Screen Reader Support › should have proper heading hierarchy 

    Test timeout of 60000ms exceeded.

    Error: page.waitForLoadState: Test timeout of 60000ms exceeded.

       at page-objects/BasePage.ts:33

      31 |    */
      32 |   async waitForPageLoad(): Promise<void> {
    > 33 |     await this.page.waitForLoadState('networkidle');
         |                     ^
      34 |   }
      35 |
      36 |   /**
        at DashboardPage.waitForPageLoad (/Users/private/projects/studio/e2e/page-objects/BasePage.ts:33:21)
        at DashboardPage.navigate (/Users/private/projects/studio/e2e/page-objects/DashboardPage.ts:39:16)
        at /Users/private/projects/studio/e2e/accessibility.spec.ts:145:7

    attachment #1: screenshot (image/png) ──────────────────────────────────────────────────────────
    ../test-results/accessibility-Feature-Acce-a599b-ve-proper-heading-hierarchy-chromium/test-failed-1.png
    ────────────────────────────────────────────────────────────────────────────────────────────────

    attachment #2: video (video/webm) ──────────────────────────────────────────────────────────────
    ../test-results/accessibility-Feature-Acce-a599b-ve-proper-heading-hierarchy-chromium/video.webm
    ────────────────────────────────────────────────────────────────────────────────────────────────

    Error Context: ../test-results/accessibility-Feature-Acce-a599b-ve-proper-heading-hierarchy-chromium/error-context.md
]]>
</failure>
<system-out>
<![CDATA[
[[ATTACHMENT|accessibility-Feature-Acce-a599b-ve-proper-heading-hierarchy-chromium/test-failed-1.png]]

[[ATTACHMENT|accessibility-Feature-Acce-a599b-ve-proper-heading-hierarchy-chromium/video.webm]]

[[ATTACHMENT|accessibility-Feature-Acce-a599b-ve-proper-heading-hierarchy-chromium/error-context.md]]
]]>
</system-out>
</testcase>
<testcase name="Feature: Accessibility › Screen Reader Support › should have alt text for images" classname="accessibility.spec.ts" time="5.451">
<skipped>
</skipped>
</testcase>
<testcase name="Feature: Accessibility › Screen Reader Support › should have proper ARIA labels for interactive elements" classname="accessibility.spec.ts" time="0">
<skipped>
</skipped>
</testcase>
<testcase name="Feature: Accessibility › Screen Reader Support › should announce form errors to screen readers" classname="accessibility.spec.ts" time="0">
<skipped>
</skipped>
</testcase>
<testcase name="Feature: Accessibility › Screen Reader Support › should have proper landmark roles" classname="accessibility.spec.ts" time="0">
<skipped>
</skipped>
</testcase>
<testcase name="Feature: Accessibility › Focus Management › should trap focus in modal dialogs" classname="accessibility.spec.ts" time="0">
<skipped>
</skipped>
</testcase>
<testcase name="Feature: Accessibility › Focus Management › should show visible focus indicators" classname="accessibility.spec.ts" time="0">
<skipped>
</skipped>
</testcase>
<testcase name="Feature: Accessibility › Focus Management › should restore focus after dialog closes" classname="accessibility.spec.ts" time="0">
<skipped>
</skipped>
</testcase>
<testcase name="Feature: Accessibility › Color Contrast › should have sufficient color contrast for text" classname="accessibility.spec.ts" time="0">
<skipped>
</skipped>
</testcase>
<testcase name="Feature: Accessibility › Color Contrast › should maintain contrast in different states" classname="accessibility.spec.ts" time="0">
<skipped>
</skipped>
</testcase>
<testcase name="Feature: Accessibility › Form Accessibility › should have labels for all form inputs" classname="accessibility.spec.ts" time="0">
<skipped>
</skipped>
</testcase>
<testcase name="Feature: Accessibility › Form Accessibility › should associate error messages with inputs" classname="accessibility.spec.ts" time="0">
<skipped>
</skipped>
</testcase>
<testcase name="Feature: Accessibility › Form Accessibility › should indicate required fields" classname="accessibility.spec.ts" time="0">
<skipped>
</skipped>
</testcase>
<testcase name="Feature: Accessibility › Skip Links › should have skip to main content link" classname="accessibility.spec.ts" time="0">
<skipped>
</skipped>
</testcase>
</testsuite>
<testsuite name="darkmode.spec.ts" timestamp="2025-11-17T22:07:46.142Z" hostname="chromium" tests="3" failures="1" skipped="0" time="21.577" errors="0">
<testcase name="Darkmode › applies localStorage theme at first paint (no FOUC)" classname="darkmode.spec.ts" time="6.115">
</testcase>
<testcase name="Darkmode › toggle persists selection across reloads" classname="darkmode.spec.ts" time="13.939">
<failure message="darkmode.spec.ts:19:7 toggle persists selection across reloads" type="FAILURE">
<![CDATA[  [chromium] › darkmode.spec.ts:19:7 › Darkmode › toggle persists selection across reloads ─────────

    Error: expect(received).toBe(expected) // Object.is equality

    Expected: true
    Received: false

    Call Log:
    - Timeout 10000ms exceeded while waiting on the predicate

      32 |
      33 |     await page.reload()
    > 34 |     await expect.poll(async () => page.evaluate(() => document.documentElement.classList.contains('dark'))).toBe(true)
         |     ^
      35 |   })
      36 |
      37 |   test('system mode follows OS preference changes', async ({ page, context }) => {
        at /Users/private/projects/studio/e2e/darkmode.spec.ts:34:5

    attachment #1: screenshot (image/png) ──────────────────────────────────────────────────────────
    ../test-results/darkmode-Darkmode-toggle-persists-selection-across-reloads-chromium/test-failed-1.png
    ────────────────────────────────────────────────────────────────────────────────────────────────

    attachment #2: video (video/webm) ──────────────────────────────────────────────────────────────
    ../test-results/darkmode-Darkmode-toggle-persists-selection-across-reloads-chromium/video.webm
    ────────────────────────────────────────────────────────────────────────────────────────────────

    Error Context: ../test-results/darkmode-Darkmode-toggle-persists-selection-across-reloads-chromium/error-context.md
]]>
</failure>
<system-out>
<![CDATA[
[[ATTACHMENT|darkmode-Darkmode-toggle-persists-selection-across-reloads-chromium/test-failed-1.png]]

[[ATTACHMENT|darkmode-Darkmode-toggle-persists-selection-across-reloads-chromium/video.webm]]

[[ATTACHMENT|darkmode-Darkmode-toggle-persists-selection-across-reloads-chromium/error-context.md]]
]]>
</system-out>
</testcase>
<testcase name="Darkmode › system mode follows OS preference changes" classname="darkmode.spec.ts" time="1.523">
</testcase>
</testsuite>
<testsuite name="dashboard-analytics.spec.ts" timestamp="2025-11-17T22:07:46.142Z" hostname="chromium" tests="13" failures="9" skipped="3" time="581.461" errors="0">
<testcase name="Feature: Dashboard Analytics › should display dashboard with all key components" classname="dashboard-analytics.spec.ts" time="11.145">
</testcase>
<testcase name="Feature: Dashboard Analytics › should display stat cards correctly" classname="dashboard-analytics.spec.ts" time="61.929">
<failure message="dashboard-analytics.spec.ts:37:7 should display stat cards correctly" type="FAILURE">
<![CDATA[  [chromium] › dashboard-analytics.spec.ts:37:7 › Feature: Dashboard Analytics › should display stat cards correctly 

    Test timeout of 60000ms exceeded while running "beforeEach" hook.

      18 |   let playersPage: PlayersPage;
      19 |
    > 20 |   test.beforeEach(async ({ page }) => {
         |        ^
      21 |     dashboardPage = new DashboardPage(page);
      22 |     playersPage = new PlayersPage(page);
      23 |
        at /Users/private/projects/studio/e2e/dashboard-analytics.spec.ts:20:8

    Error: page.waitForLoadState: Test timeout of 60000ms exceeded.

       at page-objects/BasePage.ts:33

      31 |    */
      32 |   async waitForPageLoad(): Promise<void> {
    > 33 |     await this.page.waitForLoadState('networkidle');
         |                     ^
      34 |   }
      35 |
      36 |   /**
        at DashboardPage.waitForPageLoad (/Users/private/projects/studio/e2e/page-objects/BasePage.ts:33:21)
        at DashboardPage.navigate (/Users/private/projects/studio/e2e/page-objects/DashboardPage.ts:39:16)
        at /Users/private/projects/studio/e2e/dashboard-analytics.spec.ts:24:5

    attachment #1: screenshot (image/png) ──────────────────────────────────────────────────────────
    ../test-results/dashboard-analytics-Featur-431b3-isplay-stat-cards-correctly-chromium/test-failed-1.png
    ────────────────────────────────────────────────────────────────────────────────────────────────

    attachment #2: video (video/webm) ──────────────────────────────────────────────────────────────
    ../test-results/dashboard-analytics-Featur-431b3-isplay-stat-cards-correctly-chromium/video.webm
    ────────────────────────────────────────────────────────────────────────────────────────────────

    Error Context: ../test-results/dashboard-analytics-Featur-431b3-isplay-stat-cards-correctly-chromium/error-context.md
]]>
</failure>
<system-out>
<![CDATA[
[[ATTACHMENT|dashboard-analytics-Featur-431b3-isplay-stat-cards-correctly-chromium/test-failed-1.png]]

[[ATTACHMENT|dashboard-analytics-Featur-431b3-isplay-stat-cards-correctly-chromium/video.webm]]

[[ATTACHMENT|dashboard-analytics-Featur-431b3-isplay-stat-cards-correctly-chromium/error-context.md]]
]]>
</system-out>
</testcase>
<testcase name="Feature: Dashboard Analytics › should render revenue chart" classname="dashboard-analytics.spec.ts" time="61.951">
<failure message="dashboard-analytics.spec.ts:50:7 should render revenue chart" type="FAILURE">
<![CDATA[  [chromium] › dashboard-analytics.spec.ts:50:7 › Feature: Dashboard Analytics › should render revenue chart 

    Test timeout of 60000ms exceeded while running "beforeEach" hook.

      18 |   let playersPage: PlayersPage;
      19 |
    > 20 |   test.beforeEach(async ({ page }) => {
         |        ^
      21 |     dashboardPage = new DashboardPage(page);
      22 |     playersPage = new PlayersPage(page);
      23 |
        at /Users/private/projects/studio/e2e/dashboard-analytics.spec.ts:20:8

    Error: page.waitForLoadState: Test timeout of 60000ms exceeded.

       at page-objects/BasePage.ts:33

      31 |    */
      32 |   async waitForPageLoad(): Promise<void> {
    > 33 |     await this.page.waitForLoadState('networkidle');
         |                     ^
      34 |   }
      35 |
      36 |   /**
        at DashboardPage.waitForPageLoad (/Users/private/projects/studio/e2e/page-objects/BasePage.ts:33:21)
        at DashboardPage.navigate (/Users/private/projects/studio/e2e/page-objects/DashboardPage.ts:39:16)
        at /Users/private/projects/studio/e2e/dashboard-analytics.spec.ts:24:5

    attachment #1: screenshot (image/png) ──────────────────────────────────────────────────────────
    ../test-results/dashboard-analytics-Featur-b84d0-should-render-revenue-chart-chromium/test-failed-1.png
    ────────────────────────────────────────────────────────────────────────────────────────────────

    attachment #2: video (video/webm) ──────────────────────────────────────────────────────────────
    ../test-results/dashboard-analytics-Featur-b84d0-should-render-revenue-chart-chromium/video.webm
    ────────────────────────────────────────────────────────────────────────────────────────────────

    Error Context: ../test-results/dashboard-analytics-Featur-b84d0-should-render-revenue-chart-chromium/error-context.md
]]>
</failure>
<system-out>
<![CDATA[
[[ATTACHMENT|dashboard-analytics-Featur-b84d0-should-render-revenue-chart-chromium/test-failed-1.png]]

[[ATTACHMENT|dashboard-analytics-Featur-b84d0-should-render-revenue-chart-chromium/video.webm]]

[[ATTACHMENT|dashboard-analytics-Featur-b84d0-should-render-revenue-chart-chromium/error-context.md]]
]]>
</system-out>
</testcase>
<testcase name="Feature: Dashboard Analytics › should display top debtors widget" classname="dashboard-analytics.spec.ts" time="61.799">
<failure message="dashboard-analytics.spec.ts:59:7 should display top debtors widget" type="FAILURE">
<![CDATA[  [chromium] › dashboard-analytics.spec.ts:59:7 › Feature: Dashboard Analytics › should display top debtors widget 

    Test timeout of 60000ms exceeded while running "beforeEach" hook.

      18 |   let playersPage: PlayersPage;
      19 |
    > 20 |   test.beforeEach(async ({ page }) => {
         |        ^
      21 |     dashboardPage = new DashboardPage(page);
      22 |     playersPage = new PlayersPage(page);
      23 |
        at /Users/private/projects/studio/e2e/dashboard-analytics.spec.ts:20:8

    Error: page.waitForLoadState: Test timeout of 60000ms exceeded.

       at page-objects/BasePage.ts:33

      31 |    */
      32 |   async waitForPageLoad(): Promise<void> {
    > 33 |     await this.page.waitForLoadState('networkidle');
         |                     ^
      34 |   }
      35 |
      36 |   /**
        at DashboardPage.waitForPageLoad (/Users/private/projects/studio/e2e/page-objects/BasePage.ts:33:21)
        at DashboardPage.navigate (/Users/private/projects/studio/e2e/page-objects/DashboardPage.ts:39:16)
        at /Users/private/projects/studio/e2e/dashboard-analytics.spec.ts:24:5

    attachment #1: screenshot (image/png) ──────────────────────────────────────────────────────────
    ../test-results/dashboard-analytics-Featur-6e0c4--display-top-debtors-widget-chromium/test-failed-1.png
    ────────────────────────────────────────────────────────────────────────────────────────────────

    attachment #2: video (video/webm) ──────────────────────────────────────────────────────────────
    ../test-results/dashboard-analytics-Featur-6e0c4--display-top-debtors-widget-chromium/video.webm
    ────────────────────────────────────────────────────────────────────────────────────────────────

    Error Context: ../test-results/dashboard-analytics-Featur-6e0c4--display-top-debtors-widget-chromium/error-context.md
]]>
</failure>
<system-out>
<![CDATA[
[[ATTACHMENT|dashboard-analytics-Featur-6e0c4--display-top-debtors-widget-chromium/test-failed-1.png]]

[[ATTACHMENT|dashboard-analytics-Featur-6e0c4--display-top-debtors-widget-chromium/video.webm]]

[[ATTACHMENT|dashboard-analytics-Featur-6e0c4--display-top-debtors-widget-chromium/error-context.md]]
]]>
</system-out>
</testcase>
<testcase name="Feature: Dashboard Analytics › should display recent activity widget" classname="dashboard-analytics.spec.ts" time="62.475">
<failure message="dashboard-analytics.spec.ts:72:7 should display recent activity widget" type="FAILURE">
<![CDATA[  [chromium] › dashboard-analytics.spec.ts:72:7 › Feature: Dashboard Analytics › should display recent activity widget 

    Test timeout of 60000ms exceeded while running "beforeEach" hook.

      18 |   let playersPage: PlayersPage;
      19 |
    > 20 |   test.beforeEach(async ({ page }) => {
         |        ^
      21 |     dashboardPage = new DashboardPage(page);
      22 |     playersPage = new PlayersPage(page);
      23 |
        at /Users/private/projects/studio/e2e/dashboard-analytics.spec.ts:20:8

    Error: page.waitForLoadState: Test timeout of 60000ms exceeded.

       at page-objects/BasePage.ts:33

      31 |    */
      32 |   async waitForPageLoad(): Promise<void> {
    > 33 |     await this.page.waitForLoadState('networkidle');
         |                     ^
      34 |   }
      35 |
      36 |   /**
        at DashboardPage.waitForPageLoad (/Users/private/projects/studio/e2e/page-objects/BasePage.ts:33:21)
        at DashboardPage.navigate (/Users/private/projects/studio/e2e/page-objects/DashboardPage.ts:39:16)
        at /Users/private/projects/studio/e2e/dashboard-analytics.spec.ts:24:5

    attachment #1: screenshot (image/png) ──────────────────────────────────────────────────────────
    ../test-results/dashboard-analytics-Featur-e13c5-play-recent-activity-widget-chromium/test-failed-1.png
    ────────────────────────────────────────────────────────────────────────────────────────────────

    attachment #2: video (video/webm) ──────────────────────────────────────────────────────────────
    ../test-results/dashboard-analytics-Featur-e13c5-play-recent-activity-widget-chromium/video.webm
    ────────────────────────────────────────────────────────────────────────────────────────────────

    Error Context: ../test-results/dashboard-analytics-Featur-e13c5-play-recent-activity-widget-chromium/error-context.md
]]>
</failure>
<system-out>
<![CDATA[
[[ATTACHMENT|dashboard-analytics-Featur-e13c5-play-recent-activity-widget-chromium/test-failed-1.png]]

[[ATTACHMENT|dashboard-analytics-Featur-e13c5-play-recent-activity-widget-chromium/video.webm]]

[[ATTACHMENT|dashboard-analytics-Featur-e13c5-play-recent-activity-widget-chromium/error-context.md]]
]]>
</system-out>
</testcase>
<testcase name="Feature: Dashboard Analytics › should navigate to players page from dashboard" classname="dashboard-analytics.spec.ts" time="62.213">
<failure message="dashboard-analytics.spec.ts:84:7 should navigate to players page from dashboard" type="FAILURE">
<![CDATA[  [chromium] › dashboard-analytics.spec.ts:84:7 › Feature: Dashboard Analytics › should navigate to players page from dashboard 

    Test timeout of 60000ms exceeded while running "beforeEach" hook.

      18 |   let playersPage: PlayersPage;
      19 |
    > 20 |   test.beforeEach(async ({ page }) => {
         |        ^
      21 |     dashboardPage = new DashboardPage(page);
      22 |     playersPage = new PlayersPage(page);
      23 |
        at /Users/private/projects/studio/e2e/dashboard-analytics.spec.ts:20:8

    Error: page.waitForLoadState: Test timeout of 60000ms exceeded.

       at page-objects/BasePage.ts:33

      31 |    */
      32 |   async waitForPageLoad(): Promise<void> {
    > 33 |     await this.page.waitForLoadState('networkidle');
         |                     ^
      34 |   }
      35 |
      36 |   /**
        at DashboardPage.waitForPageLoad (/Users/private/projects/studio/e2e/page-objects/BasePage.ts:33:21)
        at DashboardPage.navigate (/Users/private/projects/studio/e2e/page-objects/DashboardPage.ts:39:16)
        at /Users/private/projects/studio/e2e/dashboard-analytics.spec.ts:24:5

    attachment #1: screenshot (image/png) ──────────────────────────────────────────────────────────
    ../test-results/dashboard-analytics-Featur-ade69-players-page-from-dashboard-chromium/test-failed-1.png
    ────────────────────────────────────────────────────────────────────────────────────────────────

    attachment #2: video (video/webm) ──────────────────────────────────────────────────────────────
    ../test-results/dashboard-analytics-Featur-ade69-players-page-from-dashboard-chromium/video.webm
    ────────────────────────────────────────────────────────────────────────────────────────────────

    Error Context: ../test-results/dashboard-analytics-Featur-ade69-players-page-from-dashboard-chromium/error-context.md
]]>
</failure>
<system-out>
<![CDATA[
[[ATTACHMENT|dashboard-analytics-Featur-ade69-players-page-from-dashboard-chromium/test-failed-1.png]]

[[ATTACHMENT|dashboard-analytics-Featur-ade69-players-page-from-dashboard-chromium/video.webm]]

[[ATTACHMENT|dashboard-analytics-Featur-ade69-players-page-from-dashboard-chromium/error-context.md]]
]]>
</system-out>
</testcase>
<testcase name="Feature: Dashboard Analytics › should open quick action dialogs" classname="dashboard-analytics.spec.ts" time="61.958">
<failure message="dashboard-analytics.spec.ts:95:7 should open quick action dialogs" type="FAILURE">
<![CDATA[  [chromium] › dashboard-analytics.spec.ts:95:7 › Feature: Dashboard Analytics › should open quick action dialogs 

    Test timeout of 60000ms exceeded while running "beforeEach" hook.

      18 |   let playersPage: PlayersPage;
      19 |
    > 20 |   test.beforeEach(async ({ page }) => {
         |        ^
      21 |     dashboardPage = new DashboardPage(page);
      22 |     playersPage = new PlayersPage(page);
      23 |
        at /Users/private/projects/studio/e2e/dashboard-analytics.spec.ts:20:8

    Error: page.waitForLoadState: Test timeout of 60000ms exceeded.

       at page-objects/BasePage.ts:33

      31 |    */
      32 |   async waitForPageLoad(): Promise<void> {
    > 33 |     await this.page.waitForLoadState('networkidle');
         |                     ^
      34 |   }
      35 |
      36 |   /**
        at DashboardPage.waitForPageLoad (/Users/private/projects/studio/e2e/page-objects/BasePage.ts:33:21)
        at DashboardPage.navigate (/Users/private/projects/studio/e2e/page-objects/DashboardPage.ts:39:16)
        at /Users/private/projects/studio/e2e/dashboard-analytics.spec.ts:24:5

    attachment #1: screenshot (image/png) ──────────────────────────────────────────────────────────
    ../test-results/dashboard-analytics-Featur-b6cc7-d-open-quick-action-dialogs-chromium/test-failed-1.png
    ────────────────────────────────────────────────────────────────────────────────────────────────

    attachment #2: video (video/webm) ──────────────────────────────────────────────────────────────
    ../test-results/dashboard-analytics-Featur-b6cc7-d-open-quick-action-dialogs-chromium/video.webm
    ────────────────────────────────────────────────────────────────────────────────────────────────

    Error Context: ../test-results/dashboard-analytics-Featur-b6cc7-d-open-quick-action-dialogs-chromium/error-context.md
]]>
</failure>
<system-out>
<![CDATA[
[[ATTACHMENT|dashboard-analytics-Featur-b6cc7-d-open-quick-action-dialogs-chromium/test-failed-1.png]]

[[ATTACHMENT|dashboard-analytics-Featur-b6cc7-d-open-quick-action-dialogs-chromium/video.webm]]

[[ATTACHMENT|dashboard-analytics-Featur-b6cc7-d-open-quick-action-dialogs-chromium/error-context.md]]
]]>
</system-out>
</testcase>
<testcase name="Feature: Dashboard Analytics › should display data freshness indicator" classname="dashboard-analytics.spec.ts" time="62.291">
<failure message="dashboard-analytics.spec.ts:116:7 should display data freshness indicator" type="FAILURE">
<![CDATA[  [chromium] › dashboard-analytics.spec.ts:116:7 › Feature: Dashboard Analytics › should display data freshness indicator 

    Test timeout of 60000ms exceeded while running "beforeEach" hook.

      18 |   let playersPage: PlayersPage;
      19 |
    > 20 |   test.beforeEach(async ({ page }) => {
         |        ^
      21 |     dashboardPage = new DashboardPage(page);
      22 |     playersPage = new PlayersPage(page);
      23 |
        at /Users/private/projects/studio/e2e/dashboard-analytics.spec.ts:20:8

    Error: page.waitForLoadState: Test timeout of 60000ms exceeded.

       at page-objects/BasePage.ts:33

      31 |    */
      32 |   async waitForPageLoad(): Promise<void> {
    > 33 |     await this.page.waitForLoadState('networkidle');
         |                     ^
      34 |   }
      35 |
      36 |   /**
        at DashboardPage.waitForPageLoad (/Users/private/projects/studio/e2e/page-objects/BasePage.ts:33:21)
        at DashboardPage.navigate (/Users/private/projects/studio/e2e/page-objects/DashboardPage.ts:39:16)
        at /Users/private/projects/studio/e2e/dashboard-analytics.spec.ts:24:5

    attachment #1: screenshot (image/png) ──────────────────────────────────────────────────────────
    ../test-results/dashboard-analytics-Featur-652fa-ay-data-freshness-indicator-chromium/test-failed-1.png
    ────────────────────────────────────────────────────────────────────────────────────────────────

    attachment #2: video (video/webm) ──────────────────────────────────────────────────────────────
    ../test-results/dashboard-analytics-Featur-652fa-ay-data-freshness-indicator-chromium/video.webm
    ────────────────────────────────────────────────────────────────────────────────────────────────

    Error Context: ../test-results/dashboard-analytics-Featur-652fa-ay-data-freshness-indicator-chromium/error-context.md
]]>
</failure>
<system-out>
<![CDATA[
[[ATTACHMENT|dashboard-analytics-Featur-652fa-ay-data-freshness-indicator-chromium/test-failed-1.png]]

[[ATTACHMENT|dashboard-analytics-Featur-652fa-ay-data-freshness-indicator-chromium/video.webm]]

[[ATTACHMENT|dashboard-analytics-Featur-652fa-ay-data-freshness-indicator-chromium/error-context.md]]
]]>
</system-out>
</testcase>
<testcase name="Feature: Dashboard Analytics › should show correct stat values" classname="dashboard-analytics.spec.ts" time="62.783">
<failure message="dashboard-analytics.spec.ts:126:7 should show correct stat values" type="FAILURE">
<![CDATA[  [chromium] › dashboard-analytics.spec.ts:126:7 › Feature: Dashboard Analytics › should show correct stat values 

    Test timeout of 60000ms exceeded while running "beforeEach" hook.

      18 |   let playersPage: PlayersPage;
      19 |
    > 20 |   test.beforeEach(async ({ page }) => {
         |        ^
      21 |     dashboardPage = new DashboardPage(page);
      22 |     playersPage = new PlayersPage(page);
      23 |
        at /Users/private/projects/studio/e2e/dashboard-analytics.spec.ts:20:8

    Error: page.waitForLoadState: Test timeout of 60000ms exceeded.

       at page-objects/BasePage.ts:33

      31 |    */
      32 |   async waitForPageLoad(): Promise<void> {
    > 33 |     await this.page.waitForLoadState('networkidle');
         |                     ^
      34 |   }
      35 |
      36 |   /**
        at DashboardPage.waitForPageLoad (/Users/private/projects/studio/e2e/page-objects/BasePage.ts:33:21)
        at DashboardPage.navigate (/Users/private/projects/studio/e2e/page-objects/DashboardPage.ts:39:16)
        at /Users/private/projects/studio/e2e/dashboard-analytics.spec.ts:24:5

    attachment #1: screenshot (image/png) ──────────────────────────────────────────────────────────
    ../test-results/dashboard-analytics-Featur-12268-ld-show-correct-stat-values-chromium/test-failed-1.png
    ────────────────────────────────────────────────────────────────────────────────────────────────

    attachment #2: video (video/webm) ──────────────────────────────────────────────────────────────
    ../test-results/dashboard-analytics-Featur-12268-ld-show-correct-stat-values-chromium/video.webm
    ────────────────────────────────────────────────────────────────────────────────────────────────

    Error Context: ../test-results/dashboard-analytics-Featur-12268-ld-show-correct-stat-values-chromium/error-context.md
]]>
</failure>
<system-out>
<![CDATA[
[[ATTACHMENT|dashboard-analytics-Featur-12268-ld-show-correct-stat-values-chromium/test-failed-1.png]]

[[ATTACHMENT|dashboard-analytics-Featur-12268-ld-show-correct-stat-values-chromium/video.webm]]

[[ATTACHMENT|dashboard-analytics-Featur-12268-ld-show-correct-stat-values-chromium/error-context.md]]
]]>
</system-out>
</testcase>
<testcase name="Feature: Dashboard Analytics › should update dashboard in real-time after adding transaction" classname="dashboard-analytics.spec.ts" time="61.844">
<failure message="dashboard-analytics.spec.ts:139:7 should update dashboard in real-time after adding transaction" type="FAILURE">
<![CDATA[  [chromium] › dashboard-analytics.spec.ts:139:7 › Feature: Dashboard Analytics › should update dashboard in real-time after adding transaction 

    Test timeout of 60000ms exceeded while running "beforeEach" hook.

      18 |   let playersPage: PlayersPage;
      19 |
    > 20 |   test.beforeEach(async ({ page }) => {
         |        ^
      21 |     dashboardPage = new DashboardPage(page);
      22 |     playersPage = new PlayersPage(page);
      23 |
        at /Users/private/projects/studio/e2e/dashboard-analytics.spec.ts:20:8

    Error: page.waitForLoadState: Test timeout of 60000ms exceeded.

       at page-objects/BasePage.ts:33

      31 |    */
      32 |   async waitForPageLoad(): Promise<void> {
    > 33 |     await this.page.waitForLoadState('networkidle');
         |                     ^
      34 |   }
      35 |
      36 |   /**
        at DashboardPage.waitForPageLoad (/Users/private/projects/studio/e2e/page-objects/BasePage.ts:33:21)
        at DashboardPage.navigate (/Users/private/projects/studio/e2e/page-objects/DashboardPage.ts:39:16)
        at /Users/private/projects/studio/e2e/dashboard-analytics.spec.ts:24:5

    attachment #1: screenshot (image/png) ──────────────────────────────────────────────────────────
    ../test-results/dashboard-analytics-Featur-6f143-me-after-adding-transaction-chromium/test-failed-1.png
    ────────────────────────────────────────────────────────────────────────────────────────────────

    attachment #2: video (video/webm) ──────────────────────────────────────────────────────────────
    ../test-results/dashboard-analytics-Featur-6f143-me-after-adding-transaction-chromium/video.webm
    ────────────────────────────────────────────────────────────────────────────────────────────────

    Error Context: ../test-results/dashboard-analytics-Featur-6f143-me-after-adding-transaction-chromium/error-context.md
]]>
</failure>
<system-out>
<![CDATA[
[[ATTACHMENT|dashboard-analytics-Featur-6f143-me-after-adding-transaction-chromium/test-failed-1.png]]

[[ATTACHMENT|dashboard-analytics-Featur-6f143-me-after-adding-transaction-chromium/video.webm]]

[[ATTACHMENT|dashboard-analytics-Featur-6f143-me-after-adding-transaction-chromium/error-context.md]]
]]>
</system-out>
</testcase>
<testcase name="Feature: Dashboard Analytics › should handle empty state gracefully" classname="dashboard-analytics.spec.ts" time="11.073">
<skipped>
</skipped>
</testcase>
<testcase name="Feature: Dashboard Analytics › should display transaction types correctly" classname="dashboard-analytics.spec.ts" time="0">
<skipped>
</skipped>
</testcase>
<testcase name="Feature: Dashboard Analytics › should perform within acceptable time" classname="dashboard-analytics.spec.ts" time="0">
<skipped>
</skipped>
</testcase>
</testsuite>
<testsuite name="fine-management.spec.ts" timestamp="2025-11-17T22:07:46.142Z" hostname="chromium" tests="9" failures="9" skipped="0" time="563.239" errors="0">
<testcase name="Feature: Fine Management › should create a manual fine successfully" classname="fine-management.spec.ts" time="62.303">
<failure message="fine-management.spec.ts:41:7 should create a manual fine successfully" type="FAILURE">
<![CDATA[  [chromium] › fine-management.spec.ts:41:7 › Feature: Fine Management › should create a manual fine successfully 

    Test timeout of 60000ms exceeded while running "beforeEach" hook.

      22 |   let testNickname: string;
      23 |
    > 24 |   test.beforeEach(async ({ page }) => {
         |        ^
      25 |     dashboardPage = new DashboardPage(page);
      26 |     playersPage = new PlayersPage(page);
      27 |     moneyPage = new MoneyPage(page);
        at /Users/private/projects/studio/e2e/fine-management.spec.ts:24:8

    Error: page.waitForLoadState: Test timeout of 60000ms exceeded.

       at page-objects/BasePage.ts:33

      31 |    */
      32 |   async waitForPageLoad(): Promise<void> {
    > 33 |     await this.page.waitForLoadState('networkidle');
         |                     ^
      34 |   }
      35 |
      36 |   /**
        at PlayersPage.waitForPageLoad (/Users/private/projects/studio/e2e/page-objects/BasePage.ts:33:21)
        at PlayersPage.navigate (/Users/private/projects/studio/e2e/page-objects/PlayersPage.ts:49:16)
        at /Users/private/projects/studio/e2e/fine-management.spec.ts:33:5

    attachment #1: screenshot (image/png) ──────────────────────────────────────────────────────────
    ../test-results/fine-management-Feature-Fi-8fac2--a-manual-fine-successfully-chromium/test-failed-1.png
    ────────────────────────────────────────────────────────────────────────────────────────────────

    attachment #2: video (video/webm) ──────────────────────────────────────────────────────────────
    ../test-results/fine-management-Feature-Fi-8fac2--a-manual-fine-successfully-chromium/video.webm
    ────────────────────────────────────────────────────────────────────────────────────────────────

    Error Context: ../test-results/fine-management-Feature-Fi-8fac2--a-manual-fine-successfully-chromium/error-context.md
]]>
</failure>
<system-out>
<![CDATA[
[[ATTACHMENT|fine-management-Feature-Fi-8fac2--a-manual-fine-successfully-chromium/test-failed-1.png]]

[[ATTACHMENT|fine-management-Feature-Fi-8fac2--a-manual-fine-successfully-chromium/video.webm]]

[[ATTACHMENT|fine-management-Feature-Fi-8fac2--a-manual-fine-successfully-chromium/error-context.md]]
]]>
</system-out>
</testcase>
<testcase name="Feature: Fine Management › should validate fine form fields" classname="fine-management.spec.ts" time="62.813">
<failure message="fine-management.spec.ts:72:7 should validate fine form fields" type="FAILURE">
<![CDATA[  [chromium] › fine-management.spec.ts:72:7 › Feature: Fine Management › should validate fine form fields 

    Test timeout of 60000ms exceeded while running "beforeEach" hook.

      22 |   let testNickname: string;
      23 |
    > 24 |   test.beforeEach(async ({ page }) => {
         |        ^
      25 |     dashboardPage = new DashboardPage(page);
      26 |     playersPage = new PlayersPage(page);
      27 |     moneyPage = new MoneyPage(page);
        at /Users/private/projects/studio/e2e/fine-management.spec.ts:24:8

    Error: page.waitForLoadState: Test timeout of 60000ms exceeded.

       at page-objects/BasePage.ts:33

      31 |    */
      32 |   async waitForPageLoad(): Promise<void> {
    > 33 |     await this.page.waitForLoadState('networkidle');
         |                     ^
      34 |   }
      35 |
      36 |   /**
        at PlayersPage.waitForPageLoad (/Users/private/projects/studio/e2e/page-objects/BasePage.ts:33:21)
        at PlayersPage.navigate (/Users/private/projects/studio/e2e/page-objects/PlayersPage.ts:49:16)
        at /Users/private/projects/studio/e2e/fine-management.spec.ts:33:5

    attachment #1: screenshot (image/png) ──────────────────────────────────────────────────────────
    ../test-results/fine-management-Feature-Fi-774f8-d-validate-fine-form-fields-chromium/test-failed-1.png
    ────────────────────────────────────────────────────────────────────────────────────────────────

    attachment #2: video (video/webm) ──────────────────────────────────────────────────────────────
    ../test-results/fine-management-Feature-Fi-774f8-d-validate-fine-form-fields-chromium/video.webm
    ────────────────────────────────────────────────────────────────────────────────────────────────

    Error Context: ../test-results/fine-management-Feature-Fi-774f8-d-validate-fine-form-fields-chromium/error-context.md
]]>
</failure>
<system-out>
<![CDATA[
[[ATTACHMENT|fine-management-Feature-Fi-774f8-d-validate-fine-form-fields-chromium/test-failed-1.png]]

[[ATTACHMENT|fine-management-Feature-Fi-774f8-d-validate-fine-form-fields-chromium/video.webm]]

[[ATTACHMENT|fine-management-Feature-Fi-774f8-d-validate-fine-form-fields-chromium/error-context.md]]
]]>
</system-out>
</testcase>
<testcase name="Feature: Fine Management › should create fine for multiple players" classname="fine-management.spec.ts" time="62.638">
<failure message="fine-management.spec.ts:89:7 should create fine for multiple players" type="FAILURE">
<![CDATA[  [chromium] › fine-management.spec.ts:89:7 › Feature: Fine Management › should create fine for multiple players 

    Test timeout of 60000ms exceeded while running "beforeEach" hook.

      22 |   let testNickname: string;
      23 |
    > 24 |   test.beforeEach(async ({ page }) => {
         |        ^
      25 |     dashboardPage = new DashboardPage(page);
      26 |     playersPage = new PlayersPage(page);
      27 |     moneyPage = new MoneyPage(page);
        at /Users/private/projects/studio/e2e/fine-management.spec.ts:24:8

    Error: page.waitForLoadState: Test timeout of 60000ms exceeded.

       at page-objects/BasePage.ts:33

      31 |    */
      32 |   async waitForPageLoad(): Promise<void> {
    > 33 |     await this.page.waitForLoadState('networkidle');
         |                     ^
      34 |   }
      35 |
      36 |   /**
        at PlayersPage.waitForPageLoad (/Users/private/projects/studio/e2e/page-objects/BasePage.ts:33:21)
        at PlayersPage.navigate (/Users/private/projects/studio/e2e/page-objects/PlayersPage.ts:49:16)
        at /Users/private/projects/studio/e2e/fine-management.spec.ts:33:5

    attachment #1: screenshot (image/png) ──────────────────────────────────────────────────────────
    ../test-results/fine-management-Feature-Fi-ec23b-e-fine-for-multiple-players-chromium/test-failed-1.png
    ────────────────────────────────────────────────────────────────────────────────────────────────

    attachment #2: video (video/webm) ──────────────────────────────────────────────────────────────
    ../test-results/fine-management-Feature-Fi-ec23b-e-fine-for-multiple-players-chromium/video.webm
    ────────────────────────────────────────────────────────────────────────────────────────────────

    Error Context: ../test-results/fine-management-Feature-Fi-ec23b-e-fine-for-multiple-players-chromium/error-context.md
]]>
</failure>
<system-out>
<![CDATA[
[[ATTACHMENT|fine-management-Feature-Fi-ec23b-e-fine-for-multiple-players-chromium/test-failed-1.png]]

[[ATTACHMENT|fine-management-Feature-Fi-ec23b-e-fine-for-multiple-players-chromium/video.webm]]

[[ATTACHMENT|fine-management-Feature-Fi-ec23b-e-fine-for-multiple-players-chromium/error-context.md]]
]]>
</system-out>
</testcase>
<testcase name="Feature: Fine Management › should use predefined fine amounts" classname="fine-management.spec.ts" time="62.662">
<failure message="fine-management.spec.ts:129:7 should use predefined fine amounts" type="FAILURE">
<![CDATA[  [chromium] › fine-management.spec.ts:129:7 › Feature: Fine Management › should use predefined fine amounts 

    Test timeout of 60000ms exceeded while running "beforeEach" hook.

      22 |   let testNickname: string;
      23 |
    > 24 |   test.beforeEach(async ({ page }) => {
         |        ^
      25 |     dashboardPage = new DashboardPage(page);
      26 |     playersPage = new PlayersPage(page);
      27 |     moneyPage = new MoneyPage(page);
        at /Users/private/projects/studio/e2e/fine-management.spec.ts:24:8

    Error: page.waitForLoadState: Test timeout of 60000ms exceeded.

       at page-objects/BasePage.ts:33

      31 |    */
      32 |   async waitForPageLoad(): Promise<void> {
    > 33 |     await this.page.waitForLoadState('networkidle');
         |                     ^
      34 |   }
      35 |
      36 |   /**
        at PlayersPage.waitForPageLoad (/Users/private/projects/studio/e2e/page-objects/BasePage.ts:33:21)
        at PlayersPage.navigate (/Users/private/projects/studio/e2e/page-objects/PlayersPage.ts:49:16)
        at /Users/private/projects/studio/e2e/fine-management.spec.ts:33:5

    attachment #1: screenshot (image/png) ──────────────────────────────────────────────────────────
    ../test-results/fine-management-Feature-Fi-463f4-use-predefined-fine-amounts-chromium/test-failed-1.png
    ────────────────────────────────────────────────────────────────────────────────────────────────

    attachment #2: video (video/webm) ──────────────────────────────────────────────────────────────
    ../test-results/fine-management-Feature-Fi-463f4-use-predefined-fine-amounts-chromium/video.webm
    ────────────────────────────────────────────────────────────────────────────────────────────────

    Error Context: ../test-results/fine-management-Feature-Fi-463f4-use-predefined-fine-amounts-chromium/error-context.md
]]>
</failure>
<system-out>
<![CDATA[
[[ATTACHMENT|fine-management-Feature-Fi-463f4-use-predefined-fine-amounts-chromium/test-failed-1.png]]

[[ATTACHMENT|fine-management-Feature-Fi-463f4-use-predefined-fine-amounts-chromium/video.webm]]

[[ATTACHMENT|fine-management-Feature-Fi-463f4-use-predefined-fine-amounts-chromium/error-context.md]]
]]>
</system-out>
</testcase>
<testcase name="Feature: Fine Management › should toggle fine payment status" classname="fine-management.spec.ts" time="62.753">
<failure message="fine-management.spec.ts:146:7 should toggle fine payment status" type="FAILURE">
<![CDATA[  [chromium] › fine-management.spec.ts:146:7 › Feature: Fine Management › should toggle fine payment status 

    Test timeout of 60000ms exceeded while running "beforeEach" hook.

      22 |   let testNickname: string;
      23 |
    > 24 |   test.beforeEach(async ({ page }) => {
         |        ^
      25 |     dashboardPage = new DashboardPage(page);
      26 |     playersPage = new PlayersPage(page);
      27 |     moneyPage = new MoneyPage(page);
        at /Users/private/projects/studio/e2e/fine-management.spec.ts:24:8

    Error: page.waitForLoadState: Test timeout of 60000ms exceeded.

       at page-objects/BasePage.ts:33

      31 |    */
      32 |   async waitForPageLoad(): Promise<void> {
    > 33 |     await this.page.waitForLoadState('networkidle');
         |                     ^
      34 |   }
      35 |
      36 |   /**
        at PlayersPage.waitForPageLoad (/Users/private/projects/studio/e2e/page-objects/BasePage.ts:33:21)
        at PlayersPage.navigate (/Users/private/projects/studio/e2e/page-objects/PlayersPage.ts:49:16)
        at /Users/private/projects/studio/e2e/fine-management.spec.ts:33:5

    attachment #1: screenshot (image/png) ──────────────────────────────────────────────────────────
    ../test-results/fine-management-Feature-Fi-aafea--toggle-fine-payment-status-chromium/test-failed-1.png
    ────────────────────────────────────────────────────────────────────────────────────────────────

    attachment #2: video (video/webm) ──────────────────────────────────────────────────────────────
    ../test-results/fine-management-Feature-Fi-aafea--toggle-fine-payment-status-chromium/video.webm
    ────────────────────────────────────────────────────────────────────────────────────────────────

    Error Context: ../test-results/fine-management-Feature-Fi-aafea--toggle-fine-payment-status-chromium/error-context.md
]]>
</failure>
<system-out>
<![CDATA[
[[ATTACHMENT|fine-management-Feature-Fi-aafea--toggle-fine-payment-status-chromium/test-failed-1.png]]

[[ATTACHMENT|fine-management-Feature-Fi-aafea--toggle-fine-payment-status-chromium/video.webm]]

[[ATTACHMENT|fine-management-Feature-Fi-aafea--toggle-fine-payment-status-chromium/error-context.md]]
]]>
</system-out>
</testcase>
<testcase name="Feature: Fine Management › should filter fines by status" classname="fine-management.spec.ts" time="62.581">
<failure message="fine-management.spec.ts:180:7 should filter fines by status" type="FAILURE">
<![CDATA[  [chromium] › fine-management.spec.ts:180:7 › Feature: Fine Management › should filter fines by status 

    Test timeout of 60000ms exceeded while running "beforeEach" hook.

      22 |   let testNickname: string;
      23 |
    > 24 |   test.beforeEach(async ({ page }) => {
         |        ^
      25 |     dashboardPage = new DashboardPage(page);
      26 |     playersPage = new PlayersPage(page);
      27 |     moneyPage = new MoneyPage(page);
        at /Users/private/projects/studio/e2e/fine-management.spec.ts:24:8

    Error: page.waitForLoadState: Test timeout of 60000ms exceeded.

       at page-objects/BasePage.ts:33

      31 |    */
      32 |   async waitForPageLoad(): Promise<void> {
    > 33 |     await this.page.waitForLoadState('networkidle');
         |                     ^
      34 |   }
      35 |
      36 |   /**
        at PlayersPage.waitForPageLoad (/Users/private/projects/studio/e2e/page-objects/BasePage.ts:33:21)
        at PlayersPage.navigate (/Users/private/projects/studio/e2e/page-objects/PlayersPage.ts:49:16)
        at /Users/private/projects/studio/e2e/fine-management.spec.ts:33:5

    attachment #1: screenshot (image/png) ──────────────────────────────────────────────────────────
    ../test-results/fine-management-Feature-Fi-a821b-ould-filter-fines-by-status-chromium/test-failed-1.png
    ────────────────────────────────────────────────────────────────────────────────────────────────

    attachment #2: video (video/webm) ──────────────────────────────────────────────────────────────
    ../test-results/fine-management-Feature-Fi-a821b-ould-filter-fines-by-status-chromium/video.webm
    ────────────────────────────────────────────────────────────────────────────────────────────────

    Error Context: ../test-results/fine-management-Feature-Fi-a821b-ould-filter-fines-by-status-chromium/error-context.md
]]>
</failure>
<system-out>
<![CDATA[
[[ATTACHMENT|fine-management-Feature-Fi-a821b-ould-filter-fines-by-status-chromium/test-failed-1.png]]

[[ATTACHMENT|fine-management-Feature-Fi-a821b-ould-filter-fines-by-status-chromium/video.webm]]

[[ATTACHMENT|fine-management-Feature-Fi-a821b-ould-filter-fines-by-status-chromium/error-context.md]]
]]>
</system-out>
</testcase>
<testcase name="Feature: Fine Management › should display fine in player balance calculation" classname="fine-management.spec.ts" time="62.521">
<failure message="fine-management.spec.ts:211:7 should display fine in player balance calculation" type="FAILURE">
<![CDATA[  [chromium] › fine-management.spec.ts:211:7 › Feature: Fine Management › should display fine in player balance calculation 

    Test timeout of 60000ms exceeded while running "beforeEach" hook.

      22 |   let testNickname: string;
      23 |
    > 24 |   test.beforeEach(async ({ page }) => {
         |        ^
      25 |     dashboardPage = new DashboardPage(page);
      26 |     playersPage = new PlayersPage(page);
      27 |     moneyPage = new MoneyPage(page);
        at /Users/private/projects/studio/e2e/fine-management.spec.ts:24:8

    Error: page.waitForLoadState: Test timeout of 60000ms exceeded.

       at page-objects/BasePage.ts:33

      31 |    */
      32 |   async waitForPageLoad(): Promise<void> {
    > 33 |     await this.page.waitForLoadState('networkidle');
         |                     ^
      34 |   }
      35 |
      36 |   /**
        at PlayersPage.waitForPageLoad (/Users/private/projects/studio/e2e/page-objects/BasePage.ts:33:21)
        at PlayersPage.navigate (/Users/private/projects/studio/e2e/page-objects/PlayersPage.ts:49:16)
        at /Users/private/projects/studio/e2e/fine-management.spec.ts:33:5

    attachment #1: screenshot (image/png) ──────────────────────────────────────────────────────────
    ../test-results/fine-management-Feature-Fi-0adca--player-balance-calculation-chromium/test-failed-1.png
    ────────────────────────────────────────────────────────────────────────────────────────────────

    attachment #2: video (video/webm) ──────────────────────────────────────────────────────────────
    ../test-results/fine-management-Feature-Fi-0adca--player-balance-calculation-chromium/video.webm
    ────────────────────────────────────────────────────────────────────────────────────────────────

    Error Context: ../test-results/fine-management-Feature-Fi-0adca--player-balance-calculation-chromium/error-context.md
]]>
</failure>
<system-out>
<![CDATA[
[[ATTACHMENT|fine-management-Feature-Fi-0adca--player-balance-calculation-chromium/test-failed-1.png]]

[[ATTACHMENT|fine-management-Feature-Fi-0adca--player-balance-calculation-chromium/video.webm]]

[[ATTACHMENT|fine-management-Feature-Fi-0adca--player-balance-calculation-chromium/error-context.md]]
]]>
</system-out>
</testcase>
<testcase name="Feature: Fine Management › should clear fine filters" classname="fine-management.spec.ts" time="62.549">
<failure message="fine-management.spec.ts:234:7 should clear fine filters" type="FAILURE">
<![CDATA[  [chromium] › fine-management.spec.ts:234:7 › Feature: Fine Management › should clear fine filters 

    Test timeout of 60000ms exceeded while running "beforeEach" hook.

      22 |   let testNickname: string;
      23 |
    > 24 |   test.beforeEach(async ({ page }) => {
         |        ^
      25 |     dashboardPage = new DashboardPage(page);
      26 |     playersPage = new PlayersPage(page);
      27 |     moneyPage = new MoneyPage(page);
        at /Users/private/projects/studio/e2e/fine-management.spec.ts:24:8

    Error: page.waitForLoadState: Test timeout of 60000ms exceeded.

       at page-objects/BasePage.ts:33

      31 |    */
      32 |   async waitForPageLoad(): Promise<void> {
    > 33 |     await this.page.waitForLoadState('networkidle');
         |                     ^
      34 |   }
      35 |
      36 |   /**
        at PlayersPage.waitForPageLoad (/Users/private/projects/studio/e2e/page-objects/BasePage.ts:33:21)
        at PlayersPage.navigate (/Users/private/projects/studio/e2e/page-objects/PlayersPage.ts:49:16)
        at /Users/private/projects/studio/e2e/fine-management.spec.ts:33:5

    attachment #1: screenshot (image/png) ──────────────────────────────────────────────────────────
    ../test-results/fine-management-Feature-Fi-9b2b5-t-should-clear-fine-filters-chromium/test-failed-1.png
    ────────────────────────────────────────────────────────────────────────────────────────────────

    attachment #2: video (video/webm) ──────────────────────────────────────────────────────────────
    ../test-results/fine-management-Feature-Fi-9b2b5-t-should-clear-fine-filters-chromium/video.webm
    ────────────────────────────────────────────────────────────────────────────────────────────────

    Error Context: ../test-results/fine-management-Feature-Fi-9b2b5-t-should-clear-fine-filters-chromium/error-context.md
]]>
</failure>
<system-out>
<![CDATA[
[[ATTACHMENT|fine-management-Feature-Fi-9b2b5-t-should-clear-fine-filters-chromium/test-failed-1.png]]

[[ATTACHMENT|fine-management-Feature-Fi-9b2b5-t-should-clear-fine-filters-chromium/video.webm]]

[[ATTACHMENT|fine-management-Feature-Fi-9b2b5-t-should-clear-fine-filters-chromium/error-context.md]]
]]>
</system-out>
</testcase>
<testcase name="Feature: Fine Management › should show open fines KPI" classname="fine-management.spec.ts" time="62.419">
<failure message="fine-management.spec.ts:250:7 should show open fines KPI" type="FAILURE">
<![CDATA[  [chromium] › fine-management.spec.ts:250:7 › Feature: Fine Management › should show open fines KPI 

    Test timeout of 60000ms exceeded while running "beforeEach" hook.

      22 |   let testNickname: string;
      23 |
    > 24 |   test.beforeEach(async ({ page }) => {
         |        ^
      25 |     dashboardPage = new DashboardPage(page);
      26 |     playersPage = new PlayersPage(page);
      27 |     moneyPage = new MoneyPage(page);
        at /Users/private/projects/studio/e2e/fine-management.spec.ts:24:8

    Error: page.waitForLoadState: Test timeout of 60000ms exceeded.

       at page-objects/BasePage.ts:33

      31 |    */
      32 |   async waitForPageLoad(): Promise<void> {
    > 33 |     await this.page.waitForLoadState('networkidle');
         |                     ^
      34 |   }
      35 |
      36 |   /**
        at PlayersPage.waitForPageLoad (/Users/private/projects/studio/e2e/page-objects/BasePage.ts:33:21)
        at PlayersPage.navigate (/Users/private/projects/studio/e2e/page-objects/PlayersPage.ts:49:16)
        at /Users/private/projects/studio/e2e/fine-management.spec.ts:33:5

    attachment #1: screenshot (image/png) ──────────────────────────────────────────────────────────
    ../test-results/fine-management-Feature-Fi-40d5b--should-show-open-fines-KPI-chromium/test-failed-1.png
    ────────────────────────────────────────────────────────────────────────────────────────────────

    attachment #2: video (video/webm) ──────────────────────────────────────────────────────────────
    ../test-results/fine-management-Feature-Fi-40d5b--should-show-open-fines-KPI-chromium/video.webm
    ────────────────────────────────────────────────────────────────────────────────────────────────

    Error Context: ../test-results/fine-management-Feature-Fi-40d5b--should-show-open-fines-KPI-chromium/error-context.md
]]>
</failure>
<system-out>
<![CDATA[
[[ATTACHMENT|fine-management-Feature-Fi-40d5b--should-show-open-fines-KPI-chromium/test-failed-1.png]]

[[ATTACHMENT|fine-management-Feature-Fi-40d5b--should-show-open-fines-KPI-chromium/video.webm]]

[[ATTACHMENT|fine-management-Feature-Fi-40d5b--should-show-open-fines-KPI-chromium/error-context.md]]
]]>
</system-out>
</testcase>
</testsuite>
<testsuite name="payment-processing.spec.ts" timestamp="2025-11-17T22:07:46.142Z" hostname="chromium" tests="9" failures="9" skipped="0" time="563.165" errors="0">
<testcase name="Feature: Payment Processing › should record a cash payment successfully" classname="payment-processing.spec.ts" time="62.389">
<failure message="payment-processing.spec.ts:41:7 should record a cash payment successfully" type="FAILURE">
<![CDATA[  [chromium] › payment-processing.spec.ts:41:7 › Feature: Payment Processing › should record a cash payment successfully 

    Test timeout of 60000ms exceeded while running "beforeEach" hook.

      22 |   let testNickname: string;
      23 |
    > 24 |   test.beforeEach(async ({ page }) => {
         |        ^
      25 |     dashboardPage = new DashboardPage(page);
      26 |     playersPage = new PlayersPage(page);
      27 |     moneyPage = new MoneyPage(page);
        at /Users/private/projects/studio/e2e/payment-processing.spec.ts:24:8

    Error: page.waitForLoadState: Test timeout of 60000ms exceeded.

       at page-objects/BasePage.ts:33

      31 |    */
      32 |   async waitForPageLoad(): Promise<void> {
    > 33 |     await this.page.waitForLoadState('networkidle');
         |                     ^
      34 |   }
      35 |
      36 |   /**
        at PlayersPage.waitForPageLoad (/Users/private/projects/studio/e2e/page-objects/BasePage.ts:33:21)
        at PlayersPage.navigate (/Users/private/projects/studio/e2e/page-objects/PlayersPage.ts:49:16)
        at /Users/private/projects/studio/e2e/payment-processing.spec.ts:33:5

    attachment #1: screenshot (image/png) ──────────────────────────────────────────────────────────
    ../test-results/payment-processing-Feature-9aaa1-a-cash-payment-successfully-chromium/test-failed-1.png
    ────────────────────────────────────────────────────────────────────────────────────────────────

    attachment #2: video (video/webm) ──────────────────────────────────────────────────────────────
    ../test-results/payment-processing-Feature-9aaa1-a-cash-payment-successfully-chromium/video.webm
    ────────────────────────────────────────────────────────────────────────────────────────────────

    Error Context: ../test-results/payment-processing-Feature-9aaa1-a-cash-payment-successfully-chromium/error-context.md
]]>
</failure>
<system-out>
<![CDATA[
[[ATTACHMENT|payment-processing-Feature-9aaa1-a-cash-payment-successfully-chromium/test-failed-1.png]]

[[ATTACHMENT|payment-processing-Feature-9aaa1-a-cash-payment-successfully-chromium/video.webm]]

[[ATTACHMENT|payment-processing-Feature-9aaa1-a-cash-payment-successfully-chromium/error-context.md]]
]]>
</system-out>
</testcase>
<testcase name="Feature: Payment Processing › should validate payment form fields" classname="payment-processing.spec.ts" time="62.807">
<failure message="payment-processing.spec.ts:72:7 should validate payment form fields" type="FAILURE">
<![CDATA[  [chromium] › payment-processing.spec.ts:72:7 › Feature: Payment Processing › should validate payment form fields 

    Test timeout of 60000ms exceeded while running "beforeEach" hook.

      22 |   let testNickname: string;
      23 |
    > 24 |   test.beforeEach(async ({ page }) => {
         |        ^
      25 |     dashboardPage = new DashboardPage(page);
      26 |     playersPage = new PlayersPage(page);
      27 |     moneyPage = new MoneyPage(page);
        at /Users/private/projects/studio/e2e/payment-processing.spec.ts:24:8

    Error: page.waitForLoadState: Test timeout of 60000ms exceeded.

       at page-objects/BasePage.ts:33

      31 |    */
      32 |   async waitForPageLoad(): Promise<void> {
    > 33 |     await this.page.waitForLoadState('networkidle');
         |                     ^
      34 |   }
      35 |
      36 |   /**
        at PlayersPage.waitForPageLoad (/Users/private/projects/studio/e2e/page-objects/BasePage.ts:33:21)
        at PlayersPage.navigate (/Users/private/projects/studio/e2e/page-objects/PlayersPage.ts:49:16)
        at /Users/private/projects/studio/e2e/payment-processing.spec.ts:33:5

    attachment #1: screenshot (image/png) ──────────────────────────────────────────────────────────
    ../test-results/payment-processing-Feature-76446-alidate-payment-form-fields-chromium/test-failed-1.png
    ────────────────────────────────────────────────────────────────────────────────────────────────

    attachment #2: video (video/webm) ──────────────────────────────────────────────────────────────
    ../test-results/payment-processing-Feature-76446-alidate-payment-form-fields-chromium/video.webm
    ────────────────────────────────────────────────────────────────────────────────────────────────

    Error Context: ../test-results/payment-processing-Feature-76446-alidate-payment-form-fields-chromium/error-context.md
]]>
</failure>
<system-out>
<![CDATA[
[[ATTACHMENT|payment-processing-Feature-76446-alidate-payment-form-fields-chromium/test-failed-1.png]]

[[ATTACHMENT|payment-processing-Feature-76446-alidate-payment-form-fields-chromium/video.webm]]

[[ATTACHMENT|payment-processing-Feature-76446-alidate-payment-form-fields-chromium/error-context.md]]
]]>
</system-out>
</testcase>
<testcase name="Feature: Payment Processing › should apply payment to balance correctly" classname="payment-processing.spec.ts" time="62.592">
<failure message="payment-processing.spec.ts:91:7 should apply payment to balance correctly" type="FAILURE">
<![CDATA[  [chromium] › payment-processing.spec.ts:91:7 › Feature: Payment Processing › should apply payment to balance correctly 

    Test timeout of 60000ms exceeded while running "beforeEach" hook.

      22 |   let testNickname: string;
      23 |
    > 24 |   test.beforeEach(async ({ page }) => {
         |        ^
      25 |     dashboardPage = new DashboardPage(page);
      26 |     playersPage = new PlayersPage(page);
      27 |     moneyPage = new MoneyPage(page);
        at /Users/private/projects/studio/e2e/payment-processing.spec.ts:24:8

    Error: page.waitForLoadState: Test timeout of 60000ms exceeded.

       at page-objects/BasePage.ts:33

      31 |    */
      32 |   async waitForPageLoad(): Promise<void> {
    > 33 |     await this.page.waitForLoadState('networkidle');
         |                     ^
      34 |   }
      35 |
      36 |   /**
        at PlayersPage.waitForPageLoad (/Users/private/projects/studio/e2e/page-objects/BasePage.ts:33:21)
        at PlayersPage.navigate (/Users/private/projects/studio/e2e/page-objects/PlayersPage.ts:49:16)
        at /Users/private/projects/studio/e2e/payment-processing.spec.ts:33:5

    attachment #1: screenshot (image/png) ──────────────────────────────────────────────────────────
    ../test-results/payment-processing-Feature-3c1f5-ayment-to-balance-correctly-chromium/test-failed-1.png
    ────────────────────────────────────────────────────────────────────────────────────────────────

    attachment #2: video (video/webm) ──────────────────────────────────────────────────────────────
    ../test-results/payment-processing-Feature-3c1f5-ayment-to-balance-correctly-chromium/video.webm
    ────────────────────────────────────────────────────────────────────────────────────────────────

    Error Context: ../test-results/payment-processing-Feature-3c1f5-ayment-to-balance-correctly-chromium/error-context.md
]]>
</failure>
<system-out>
<![CDATA[
[[ATTACHMENT|payment-processing-Feature-3c1f5-ayment-to-balance-correctly-chromium/test-failed-1.png]]

[[ATTACHMENT|payment-processing-Feature-3c1f5-ayment-to-balance-correctly-chromium/video.webm]]

[[ATTACHMENT|payment-processing-Feature-3c1f5-ayment-to-balance-correctly-chromium/error-context.md]]
]]>
</system-out>
</testcase>
<testcase name="Feature: Payment Processing › should filter payments by type" classname="payment-processing.spec.ts" time="62.635">
<failure message="payment-processing.spec.ts:123:7 should filter payments by type" type="FAILURE">
<![CDATA[  [chromium] › payment-processing.spec.ts:123:7 › Feature: Payment Processing › should filter payments by type 

    Test timeout of 60000ms exceeded while running "beforeEach" hook.

      22 |   let testNickname: string;
      23 |
    > 24 |   test.beforeEach(async ({ page }) => {
         |        ^
      25 |     dashboardPage = new DashboardPage(page);
      26 |     playersPage = new PlayersPage(page);
      27 |     moneyPage = new MoneyPage(page);
        at /Users/private/projects/studio/e2e/payment-processing.spec.ts:24:8

    Error: page.waitForLoadState: Test timeout of 60000ms exceeded.

       at page-objects/BasePage.ts:33

      31 |    */
      32 |   async waitForPageLoad(): Promise<void> {
    > 33 |     await this.page.waitForLoadState('networkidle');
         |                     ^
      34 |   }
      35 |
      36 |   /**
        at PlayersPage.waitForPageLoad (/Users/private/projects/studio/e2e/page-objects/BasePage.ts:33:21)
        at PlayersPage.navigate (/Users/private/projects/studio/e2e/page-objects/PlayersPage.ts:49:16)
        at /Users/private/projects/studio/e2e/payment-processing.spec.ts:33:5

    attachment #1: screenshot (image/png) ──────────────────────────────────────────────────────────
    ../test-results/payment-processing-Feature-980b8-uld-filter-payments-by-type-chromium/test-failed-1.png
    ────────────────────────────────────────────────────────────────────────────────────────────────

    attachment #2: video (video/webm) ──────────────────────────────────────────────────────────────
    ../test-results/payment-processing-Feature-980b8-uld-filter-payments-by-type-chromium/video.webm
    ────────────────────────────────────────────────────────────────────────────────────────────────

    Error Context: ../test-results/payment-processing-Feature-980b8-uld-filter-payments-by-type-chromium/error-context.md
]]>
</failure>
<system-out>
<![CDATA[
[[ATTACHMENT|payment-processing-Feature-980b8-uld-filter-payments-by-type-chromium/test-failed-1.png]]

[[ATTACHMENT|payment-processing-Feature-980b8-uld-filter-payments-by-type-chromium/video.webm]]

[[ATTACHMENT|payment-processing-Feature-980b8-uld-filter-payments-by-type-chromium/error-context.md]]
]]>
</system-out>
</testcase>
<testcase name="Feature: Payment Processing › should display payment in recent activity" classname="payment-processing.spec.ts" time="62.716">
<failure message="payment-processing.spec.ts:148:7 should display payment in recent activity" type="FAILURE">
<![CDATA[  [chromium] › payment-processing.spec.ts:148:7 › Feature: Payment Processing › should display payment in recent activity 

    Test timeout of 60000ms exceeded while running "beforeEach" hook.

      22 |   let testNickname: string;
      23 |
    > 24 |   test.beforeEach(async ({ page }) => {
         |        ^
      25 |     dashboardPage = new DashboardPage(page);
      26 |     playersPage = new PlayersPage(page);
      27 |     moneyPage = new MoneyPage(page);
        at /Users/private/projects/studio/e2e/payment-processing.spec.ts:24:8

    Error: page.waitForLoadState: Test timeout of 60000ms exceeded.

       at page-objects/BasePage.ts:33

      31 |    */
      32 |   async waitForPageLoad(): Promise<void> {
    > 33 |     await this.page.waitForLoadState('networkidle');
         |                     ^
      34 |   }
      35 |
      36 |   /**
        at PlayersPage.waitForPageLoad (/Users/private/projects/studio/e2e/page-objects/BasePage.ts:33:21)
        at PlayersPage.navigate (/Users/private/projects/studio/e2e/page-objects/PlayersPage.ts:49:16)
        at /Users/private/projects/studio/e2e/payment-processing.spec.ts:33:5

    attachment #1: screenshot (image/png) ──────────────────────────────────────────────────────────
    ../test-results/payment-processing-Feature-84540--payment-in-recent-activity-chromium/test-failed-1.png
    ────────────────────────────────────────────────────────────────────────────────────────────────

    attachment #2: video (video/webm) ──────────────────────────────────────────────────────────────
    ../test-results/payment-processing-Feature-84540--payment-in-recent-activity-chromium/video.webm
    ────────────────────────────────────────────────────────────────────────────────────────────────

    Error Context: ../test-results/payment-processing-Feature-84540--payment-in-recent-activity-chromium/error-context.md
]]>
</failure>
<system-out>
<![CDATA[
[[ATTACHMENT|payment-processing-Feature-84540--payment-in-recent-activity-chromium/test-failed-1.png]]

[[ATTACHMENT|payment-processing-Feature-84540--payment-in-recent-activity-chromium/video.webm]]

[[ATTACHMENT|payment-processing-Feature-84540--payment-in-recent-activity-chromium/error-context.md]]
]]>
</system-out>
</testcase>
<testcase name="Feature: Payment Processing › should show revenue KPIs after payment" classname="payment-processing.spec.ts" time="62.664">
<failure message="payment-processing.spec.ts:172:7 should show revenue KPIs after payment" type="FAILURE">
<![CDATA[  [chromium] › payment-processing.spec.ts:172:7 › Feature: Payment Processing › should show revenue KPIs after payment 

    Test timeout of 60000ms exceeded while running "beforeEach" hook.

      22 |   let testNickname: string;
      23 |
    > 24 |   test.beforeEach(async ({ page }) => {
         |        ^
      25 |     dashboardPage = new DashboardPage(page);
      26 |     playersPage = new PlayersPage(page);
      27 |     moneyPage = new MoneyPage(page);
        at /Users/private/projects/studio/e2e/payment-processing.spec.ts:24:8

    Error: page.waitForLoadState: Test timeout of 60000ms exceeded.

       at page-objects/BasePage.ts:33

      31 |    */
      32 |   async waitForPageLoad(): Promise<void> {
    > 33 |     await this.page.waitForLoadState('networkidle');
         |                     ^
      34 |   }
      35 |
      36 |   /**
        at PlayersPage.waitForPageLoad (/Users/private/projects/studio/e2e/page-objects/BasePage.ts:33:21)
        at PlayersPage.navigate (/Users/private/projects/studio/e2e/page-objects/PlayersPage.ts:49:16)
        at /Users/private/projects/studio/e2e/payment-processing.spec.ts:33:5

    attachment #1: screenshot (image/png) ──────────────────────────────────────────────────────────
    ../test-results/payment-processing-Feature-647bc--revenue-KPIs-after-payment-chromium/test-failed-1.png
    ────────────────────────────────────────────────────────────────────────────────────────────────

    attachment #2: video (video/webm) ──────────────────────────────────────────────────────────────
    ../test-results/payment-processing-Feature-647bc--revenue-KPIs-after-payment-chromium/video.webm
    ────────────────────────────────────────────────────────────────────────────────────────────────

    Error Context: ../test-results/payment-processing-Feature-647bc--revenue-KPIs-after-payment-chromium/error-context.md
]]>
</failure>
<system-out>
<![CDATA[
[[ATTACHMENT|payment-processing-Feature-647bc--revenue-KPIs-after-payment-chromium/test-failed-1.png]]

[[ATTACHMENT|payment-processing-Feature-647bc--revenue-KPIs-after-payment-chromium/video.webm]]

[[ATTACHMENT|payment-processing-Feature-647bc--revenue-KPIs-after-payment-chromium/error-context.md]]
]]>
</system-out>
</testcase>
<testcase name="Feature: Payment Processing › should create Guthaben and Guthaben Rest payments" classname="payment-processing.spec.ts" time="62.384">
<failure message="payment-processing.spec.ts:201:7 should create Guthaben and Guthaben Rest payments" type="FAILURE">
<![CDATA[  [chromium] › payment-processing.spec.ts:201:7 › Feature: Payment Processing › should create Guthaben and Guthaben Rest payments 

    Test timeout of 60000ms exceeded while running "beforeEach" hook.

      22 |   let testNickname: string;
      23 |
    > 24 |   test.beforeEach(async ({ page }) => {
         |        ^
      25 |     dashboardPage = new DashboardPage(page);
      26 |     playersPage = new PlayersPage(page);
      27 |     moneyPage = new MoneyPage(page);
        at /Users/private/projects/studio/e2e/payment-processing.spec.ts:24:8

    Error: page.waitForLoadState: Test timeout of 60000ms exceeded.

       at page-objects/BasePage.ts:33

      31 |    */
      32 |   async waitForPageLoad(): Promise<void> {
    > 33 |     await this.page.waitForLoadState('networkidle');
         |                     ^
      34 |   }
      35 |
      36 |   /**
        at PlayersPage.waitForPageLoad (/Users/private/projects/studio/e2e/page-objects/BasePage.ts:33:21)
        at PlayersPage.navigate (/Users/private/projects/studio/e2e/page-objects/PlayersPage.ts:49:16)
        at /Users/private/projects/studio/e2e/payment-processing.spec.ts:33:5

    attachment #1: screenshot (image/png) ──────────────────────────────────────────────────────────
    ../test-results/payment-processing-Feature-feca0--and-Guthaben-Rest-payments-chromium/test-failed-1.png
    ────────────────────────────────────────────────────────────────────────────────────────────────

    attachment #2: video (video/webm) ──────────────────────────────────────────────────────────────
    ../test-results/payment-processing-Feature-feca0--and-Guthaben-Rest-payments-chromium/video.webm
    ────────────────────────────────────────────────────────────────────────────────────────────────

    Error Context: ../test-results/payment-processing-Feature-feca0--and-Guthaben-Rest-payments-chromium/error-context.md
]]>
</failure>
<system-out>
<![CDATA[
[[ATTACHMENT|payment-processing-Feature-feca0--and-Guthaben-Rest-payments-chromium/test-failed-1.png]]

[[ATTACHMENT|payment-processing-Feature-feca0--and-Guthaben-Rest-payments-chromium/video.webm]]

[[ATTACHMENT|payment-processing-Feature-feca0--and-Guthaben-Rest-payments-chromium/error-context.md]]
]]>
</system-out>
</testcase>
<testcase name="Feature: Payment Processing › should handle multiple payments from same player" classname="payment-processing.spec.ts" time="62.487">
<failure message="payment-processing.spec.ts:229:7 should handle multiple payments from same player" type="FAILURE">
<![CDATA[  [chromium] › payment-processing.spec.ts:229:7 › Feature: Payment Processing › should handle multiple payments from same player 

    Test timeout of 60000ms exceeded while running "beforeEach" hook.

      22 |   let testNickname: string;
      23 |
    > 24 |   test.beforeEach(async ({ page }) => {
         |        ^
      25 |     dashboardPage = new DashboardPage(page);
      26 |     playersPage = new PlayersPage(page);
      27 |     moneyPage = new MoneyPage(page);
        at /Users/private/projects/studio/e2e/payment-processing.spec.ts:24:8

    Error: page.waitForLoadState: Test timeout of 60000ms exceeded.

       at page-objects/BasePage.ts:33

      31 |    */
      32 |   async waitForPageLoad(): Promise<void> {
    > 33 |     await this.page.waitForLoadState('networkidle');
         |                     ^
      34 |   }
      35 |
      36 |   /**
        at PlayersPage.waitForPageLoad (/Users/private/projects/studio/e2e/page-objects/BasePage.ts:33:21)
        at PlayersPage.navigate (/Users/private/projects/studio/e2e/page-objects/PlayersPage.ts:49:16)
        at /Users/private/projects/studio/e2e/payment-processing.spec.ts:33:5

    attachment #1: screenshot (image/png) ──────────────────────────────────────────────────────────
    ../test-results/payment-processing-Feature-e3c61-e-payments-from-same-player-chromium/test-failed-1.png
    ────────────────────────────────────────────────────────────────────────────────────────────────

    attachment #2: video (video/webm) ──────────────────────────────────────────────────────────────
    ../test-results/payment-processing-Feature-e3c61-e-payments-from-same-player-chromium/video.webm
    ────────────────────────────────────────────────────────────────────────────────────────────────

    Error Context: ../test-results/payment-processing-Feature-e3c61-e-payments-from-same-player-chromium/error-context.md
]]>
</failure>
<system-out>
<![CDATA[
[[ATTACHMENT|payment-processing-Feature-e3c61-e-payments-from-same-player-chromium/test-failed-1.png]]

[[ATTACHMENT|payment-processing-Feature-e3c61-e-payments-from-same-player-chromium/video.webm]]

[[ATTACHMENT|payment-processing-Feature-e3c61-e-payments-from-same-player-chromium/error-context.md]]
]]>
</system-out>
</testcase>
<testcase name="Feature: Payment Processing › should display total credits correctly" classname="payment-processing.spec.ts" time="62.491">
<failure message="payment-processing.spec.ts:256:7 should display total credits correctly" type="FAILURE">
<![CDATA[  [chromium] › payment-processing.spec.ts:256:7 › Feature: Payment Processing › should display total credits correctly 

    Test timeout of 60000ms exceeded while running "beforeEach" hook.

      22 |   let testNickname: string;
      23 |
    > 24 |   test.beforeEach(async ({ page }) => {
         |        ^
      25 |     dashboardPage = new DashboardPage(page);
      26 |     playersPage = new PlayersPage(page);
      27 |     moneyPage = new MoneyPage(page);
        at /Users/private/projects/studio/e2e/payment-processing.spec.ts:24:8

    Error: page.waitForLoadState: Test timeout of 60000ms exceeded.

       at page-objects/BasePage.ts:33

      31 |    */
      32 |   async waitForPageLoad(): Promise<void> {
    > 33 |     await this.page.waitForLoadState('networkidle');
         |                     ^
      34 |   }
      35 |
      36 |   /**
        at PlayersPage.waitForPageLoad (/Users/private/projects/studio/e2e/page-objects/BasePage.ts:33:21)
        at PlayersPage.navigate (/Users/private/projects/studio/e2e/page-objects/PlayersPage.ts:49:16)
        at /Users/private/projects/studio/e2e/payment-processing.spec.ts:33:5

    attachment #1: screenshot (image/png) ──────────────────────────────────────────────────────────
    ../test-results/payment-processing-Feature-40178-lay-total-credits-correctly-chromium/test-failed-1.png
    ────────────────────────────────────────────────────────────────────────────────────────────────

    attachment #2: video (video/webm) ──────────────────────────────────────────────────────────────
    ../test-results/payment-processing-Feature-40178-lay-total-credits-correctly-chromium/video.webm
    ────────────────────────────────────────────────────────────────────────────────────────────────

    Error Context: ../test-results/payment-processing-Feature-40178-lay-total-credits-correctly-chromium/error-context.md
]]>
</failure>
<system-out>
<![CDATA[
[[ATTACHMENT|payment-processing-Feature-40178-lay-total-credits-correctly-chromium/test-failed-1.png]]

[[ATTACHMENT|payment-processing-Feature-40178-lay-total-credits-correctly-chromium/video.webm]]

[[ATTACHMENT|payment-processing-Feature-40178-lay-total-credits-correctly-chromium/error-context.md]]
]]>
</system-out>
</testcase>
</testsuite>
<testsuite name="player-management.spec.ts" timestamp="2025-11-17T22:07:46.142Z" hostname="chromium" tests="10" failures="10" skipped="0" time="573.22" errors="0">
<testcase name="Feature: Player Management › should display players page correctly" classname="player-management.spec.ts" time="12.636">
<failure message="player-management.spec.ts:29:7 should display players page correctly" type="FAILURE">
<![CDATA[  [chromium] › player-management.spec.ts:29:7 › Feature: Player Management › should display players page correctly 

    Error: expect(locator).toBeVisible() failed

    Locator: locator('text=Active Players').locator('..')
    Expected: visible
    Error: strict mode violation: locator('text=Active Players').locator('..') resolved to 3 elements:
        1) <div class="flex flex-col space-y-1.5 p-6">…</div> aka locator('div').filter({ hasText: 'Active Players' }).nth(3)
        2) <div class="flex flex-col space-y-1.5 p-6">…</div> aka locator('div').filter({ hasText: 'Inactive Players' }).nth(3)
        3) <div class="p-6 pt-0">…</div> aka getByText('ImageNameNicknameLast ActivityBeveragesPayments (6m)BalanceActionsNo inactive')

    Call log:
      - Expect "toBeVisible" with timeout 10000ms
      - waiting for locator('text=Active Players').locator('..')


      32 |     await expect(playersPage.pageTitle).toBeVisible();
      33 |     await expect(playersPage.addPlayerButton).toBeVisible();
    > 34 |     await expect(playersPage.activePlayersSection).toBeVisible();
         |                                                    ^
      35 |   });
      36 |
      37 |   test('should create a new player successfully', async () => {
        at /Users/private/projects/studio/e2e/player-management.spec.ts:34:52

    attachment #1: screenshot (image/png) ──────────────────────────────────────────────────────────
    ../test-results/player-management-Feature--73f84-play-players-page-correctly-chromium/test-failed-1.png
    ────────────────────────────────────────────────────────────────────────────────────────────────

    attachment #2: video (video/webm) ──────────────────────────────────────────────────────────────
    ../test-results/player-management-Feature--73f84-play-players-page-correctly-chromium/video.webm
    ────────────────────────────────────────────────────────────────────────────────────────────────

    Error Context: ../test-results/player-management-Feature--73f84-play-players-page-correctly-chromium/error-context.md
]]>
</failure>
<system-out>
<![CDATA[
[[ATTACHMENT|player-management-Feature--73f84-play-players-page-correctly-chromium/test-failed-1.png]]

[[ATTACHMENT|player-management-Feature--73f84-play-players-page-correctly-chromium/video.webm]]

[[ATTACHMENT|player-management-Feature--73f84-play-players-page-correctly-chromium/error-context.md]]
]]>
</system-out>
</testcase>
<testcase name="Feature: Player Management › should create a new player successfully" classname="player-management.spec.ts" time="62.63">
<failure message="player-management.spec.ts:37:7 should create a new player successfully" type="FAILURE">
<![CDATA[  [chromium] › player-management.spec.ts:37:7 › Feature: Player Management › should create a new player successfully 

    Test timeout of 60000ms exceeded while running "beforeEach" hook.

      18 |   let testNickname: string;
      19 |
    > 20 |   test.beforeEach(async ({ page }) => {
         |        ^
      21 |     playersPage = new PlayersPage(page);
      22 |     testPlayerName = TestDataHelper.generatePlayerName();
      23 |     testNickname = TestDataHelper.generateNickname();
        at /Users/private/projects/studio/e2e/player-management.spec.ts:20:8

    Error: page.waitForLoadState: Test timeout of 60000ms exceeded.

       at page-objects/BasePage.ts:33

      31 |    */
      32 |   async waitForPageLoad(): Promise<void> {
    > 33 |     await this.page.waitForLoadState('networkidle');
         |                     ^
      34 |   }
      35 |
      36 |   /**
        at PlayersPage.waitForPageLoad (/Users/private/projects/studio/e2e/page-objects/BasePage.ts:33:21)
        at PlayersPage.navigate (/Users/private/projects/studio/e2e/page-objects/PlayersPage.ts:49:16)
        at /Users/private/projects/studio/e2e/player-management.spec.ts:26:5

    attachment #1: screenshot (image/png) ──────────────────────────────────────────────────────────
    ../test-results/player-management-Feature--77013-e-a-new-player-successfully-chromium/test-failed-1.png
    ────────────────────────────────────────────────────────────────────────────────────────────────

    attachment #2: video (video/webm) ──────────────────────────────────────────────────────────────
    ../test-results/player-management-Feature--77013-e-a-new-player-successfully-chromium/video.webm
    ────────────────────────────────────────────────────────────────────────────────────────────────

    Error Context: ../test-results/player-management-Feature--77013-e-a-new-player-successfully-chromium/error-context.md
]]>
</failure>
<system-out>
<![CDATA[
[[ATTACHMENT|player-management-Feature--77013-e-a-new-player-successfully-chromium/test-failed-1.png]]

[[ATTACHMENT|player-management-Feature--77013-e-a-new-player-successfully-chromium/video.webm]]

[[ATTACHMENT|player-management-Feature--77013-e-a-new-player-successfully-chromium/error-context.md]]
]]>
</system-out>
</testcase>
<testcase name="Feature: Player Management › should validate player form fields" classname="player-management.spec.ts" time="62.511">
<failure message="player-management.spec.ts:55:7 should validate player form fields" type="FAILURE">
<![CDATA[  [chromium] › player-management.spec.ts:55:7 › Feature: Player Management › should validate player form fields 

    Test timeout of 60000ms exceeded while running "beforeEach" hook.

      18 |   let testNickname: string;
      19 |
    > 20 |   test.beforeEach(async ({ page }) => {
         |        ^
      21 |     playersPage = new PlayersPage(page);
      22 |     testPlayerName = TestDataHelper.generatePlayerName();
      23 |     testNickname = TestDataHelper.generateNickname();
        at /Users/private/projects/studio/e2e/player-management.spec.ts:20:8

    Error: page.waitForLoadState: Test timeout of 60000ms exceeded.

       at page-objects/BasePage.ts:33

      31 |    */
      32 |   async waitForPageLoad(): Promise<void> {
    > 33 |     await this.page.waitForLoadState('networkidle');
         |                     ^
      34 |   }
      35 |
      36 |   /**
        at PlayersPage.waitForPageLoad (/Users/private/projects/studio/e2e/page-objects/BasePage.ts:33:21)
        at PlayersPage.navigate (/Users/private/projects/studio/e2e/page-objects/PlayersPage.ts:49:16)
        at /Users/private/projects/studio/e2e/player-management.spec.ts:26:5

    attachment #1: screenshot (image/png) ──────────────────────────────────────────────────────────
    ../test-results/player-management-Feature--e85a0-validate-player-form-fields-chromium/test-failed-1.png
    ────────────────────────────────────────────────────────────────────────────────────────────────

    attachment #2: video (video/webm) ──────────────────────────────────────────────────────────────
    ../test-results/player-management-Feature--e85a0-validate-player-form-fields-chromium/video.webm
    ────────────────────────────────────────────────────────────────────────────────────────────────

    Error Context: ../test-results/player-management-Feature--e85a0-validate-player-form-fields-chromium/error-context.md
]]>
</failure>
<system-out>
<![CDATA[
[[ATTACHMENT|player-management-Feature--e85a0-validate-player-form-fields-chromium/test-failed-1.png]]

[[ATTACHMENT|player-management-Feature--e85a0-validate-player-form-fields-chromium/video.webm]]

[[ATTACHMENT|player-management-Feature--e85a0-validate-player-form-fields-chromium/error-context.md]]
]]>
</system-out>
</testcase>
<testcase name="Feature: Player Management › should edit player details successfully" classname="player-management.spec.ts" time="62.275">
<failure message="player-management.spec.ts:70:7 should edit player details successfully" type="FAILURE">
<![CDATA[  [chromium] › player-management.spec.ts:70:7 › Feature: Player Management › should edit player details successfully 

    Test timeout of 60000ms exceeded while running "beforeEach" hook.

      18 |   let testNickname: string;
      19 |
    > 20 |   test.beforeEach(async ({ page }) => {
         |        ^
      21 |     playersPage = new PlayersPage(page);
      22 |     testPlayerName = TestDataHelper.generatePlayerName();
      23 |     testNickname = TestDataHelper.generateNickname();
        at /Users/private/projects/studio/e2e/player-management.spec.ts:20:8

    Error: page.waitForLoadState: Test timeout of 60000ms exceeded.

       at page-objects/BasePage.ts:33

      31 |    */
      32 |   async waitForPageLoad(): Promise<void> {
    > 33 |     await this.page.waitForLoadState('networkidle');
         |                     ^
      34 |   }
      35 |
      36 |   /**
        at PlayersPage.waitForPageLoad (/Users/private/projects/studio/e2e/page-objects/BasePage.ts:33:21)
        at PlayersPage.navigate (/Users/private/projects/studio/e2e/page-objects/PlayersPage.ts:49:16)
        at /Users/private/projects/studio/e2e/player-management.spec.ts:26:5

    attachment #1: screenshot (image/png) ──────────────────────────────────────────────────────────
    ../test-results/player-management-Feature--88b88-player-details-successfully-chromium/test-failed-1.png
    ────────────────────────────────────────────────────────────────────────────────────────────────

    attachment #2: video (video/webm) ──────────────────────────────────────────────────────────────
    ../test-results/player-management-Feature--88b88-player-details-successfully-chromium/video.webm
    ────────────────────────────────────────────────────────────────────────────────────────────────

    Error Context: ../test-results/player-management-Feature--88b88-player-details-successfully-chromium/error-context.md
]]>
</failure>
<system-out>
<![CDATA[
[[ATTACHMENT|player-management-Feature--88b88-player-details-successfully-chromium/test-failed-1.png]]

[[ATTACHMENT|player-management-Feature--88b88-player-details-successfully-chromium/video.webm]]

[[ATTACHMENT|player-management-Feature--88b88-player-details-successfully-chromium/error-context.md]]
]]>
</system-out>
</testcase>
<testcase name="Feature: Player Management › should view player balance" classname="player-management.spec.ts" time="62.602">
<failure message="player-management.spec.ts:92:7 should view player balance" type="FAILURE">
<![CDATA[  [chromium] › player-management.spec.ts:92:7 › Feature: Player Management › should view player balance 

    Test timeout of 60000ms exceeded while running "beforeEach" hook.

      18 |   let testNickname: string;
      19 |
    > 20 |   test.beforeEach(async ({ page }) => {
         |        ^
      21 |     playersPage = new PlayersPage(page);
      22 |     testPlayerName = TestDataHelper.generatePlayerName();
      23 |     testNickname = TestDataHelper.generateNickname();
        at /Users/private/projects/studio/e2e/player-management.spec.ts:20:8

    Error: page.waitForLoadState: Test timeout of 60000ms exceeded.

       at page-objects/BasePage.ts:33

      31 |    */
      32 |   async waitForPageLoad(): Promise<void> {
    > 33 |     await this.page.waitForLoadState('networkidle');
         |                     ^
      34 |   }
      35 |
      36 |   /**
        at PlayersPage.waitForPageLoad (/Users/private/projects/studio/e2e/page-objects/BasePage.ts:33:21)
        at PlayersPage.navigate (/Users/private/projects/studio/e2e/page-objects/PlayersPage.ts:49:16)
        at /Users/private/projects/studio/e2e/player-management.spec.ts:26:5

    attachment #1: screenshot (image/png) ──────────────────────────────────────────────────────────
    ../test-results/player-management-Feature--d3eed--should-view-player-balance-chromium/test-failed-1.png
    ────────────────────────────────────────────────────────────────────────────────────────────────

    attachment #2: video (video/webm) ──────────────────────────────────────────────────────────────
    ../test-results/player-management-Feature--d3eed--should-view-player-balance-chromium/video.webm
    ────────────────────────────────────────────────────────────────────────────────────────────────

    Error Context: ../test-results/player-management-Feature--d3eed--should-view-player-balance-chromium/error-context.md
]]>
</failure>
<system-out>
<![CDATA[
[[ATTACHMENT|player-management-Feature--d3eed--should-view-player-balance-chromium/test-failed-1.png]]

[[ATTACHMENT|player-management-Feature--d3eed--should-view-player-balance-chromium/video.webm]]

[[ATTACHMENT|player-management-Feature--d3eed--should-view-player-balance-chromium/error-context.md]]
]]>
</system-out>
</testcase>
<testcase name="Feature: Player Management › should deactivate and reactivate player" classname="player-management.spec.ts" time="62.124">
<failure message="player-management.spec.ts:105:7 should deactivate and reactivate player" type="FAILURE">
<![CDATA[  [chromium] › player-management.spec.ts:105:7 › Feature: Player Management › should deactivate and reactivate player 

    Test timeout of 60000ms exceeded while running "beforeEach" hook.

      18 |   let testNickname: string;
      19 |
    > 20 |   test.beforeEach(async ({ page }) => {
         |        ^
      21 |     playersPage = new PlayersPage(page);
      22 |     testPlayerName = TestDataHelper.generatePlayerName();
      23 |     testNickname = TestDataHelper.generateNickname();
        at /Users/private/projects/studio/e2e/player-management.spec.ts:20:8

    Error: page.waitForLoadState: Test timeout of 60000ms exceeded.

       at page-objects/BasePage.ts:33

      31 |    */
      32 |   async waitForPageLoad(): Promise<void> {
    > 33 |     await this.page.waitForLoadState('networkidle');
         |                     ^
      34 |   }
      35 |
      36 |   /**
        at PlayersPage.waitForPageLoad (/Users/private/projects/studio/e2e/page-objects/BasePage.ts:33:21)
        at PlayersPage.navigate (/Users/private/projects/studio/e2e/page-objects/PlayersPage.ts:49:16)
        at /Users/private/projects/studio/e2e/player-management.spec.ts:26:5

    attachment #1: screenshot (image/png) ──────────────────────────────────────────────────────────
    ../test-results/player-management-Feature--d42bb-ivate-and-reactivate-player-chromium/test-failed-1.png
    ────────────────────────────────────────────────────────────────────────────────────────────────

    attachment #2: video (video/webm) ──────────────────────────────────────────────────────────────
    ../test-results/player-management-Feature--d42bb-ivate-and-reactivate-player-chromium/video.webm
    ────────────────────────────────────────────────────────────────────────────────────────────────

    Error Context: ../test-results/player-management-Feature--d42bb-ivate-and-reactivate-player-chromium/error-context.md
]]>
</failure>
<system-out>
<![CDATA[
[[ATTACHMENT|player-management-Feature--d42bb-ivate-and-reactivate-player-chromium/test-failed-1.png]]

[[ATTACHMENT|player-management-Feature--d42bb-ivate-and-reactivate-player-chromium/video.webm]]

[[ATTACHMENT|player-management-Feature--d42bb-ivate-and-reactivate-player-chromium/error-context.md]]
]]>
</system-out>
</testcase>
<testcase name="Feature: Player Management › should delete player successfully" classname="player-management.spec.ts" time="62.22">
<failure message="player-management.spec.ts:132:7 should delete player successfully" type="FAILURE">
<![CDATA[  [chromium] › player-management.spec.ts:132:7 › Feature: Player Management › should delete player successfully 

    Test timeout of 60000ms exceeded while running "beforeEach" hook.

      18 |   let testNickname: string;
      19 |
    > 20 |   test.beforeEach(async ({ page }) => {
         |        ^
      21 |     playersPage = new PlayersPage(page);
      22 |     testPlayerName = TestDataHelper.generatePlayerName();
      23 |     testNickname = TestDataHelper.generateNickname();
        at /Users/private/projects/studio/e2e/player-management.spec.ts:20:8

    Error: page.waitForLoadState: Test timeout of 60000ms exceeded.

       at page-objects/BasePage.ts:33

      31 |    */
      32 |   async waitForPageLoad(): Promise<void> {
    > 33 |     await this.page.waitForLoadState('networkidle');
         |                     ^
      34 |   }
      35 |
      36 |   /**
        at PlayersPage.waitForPageLoad (/Users/private/projects/studio/e2e/page-objects/BasePage.ts:33:21)
        at PlayersPage.navigate (/Users/private/projects/studio/e2e/page-objects/PlayersPage.ts:49:16)
        at /Users/private/projects/studio/e2e/player-management.spec.ts:26:5

    attachment #1: screenshot (image/png) ──────────────────────────────────────────────────────────
    ../test-results/player-management-Feature--941c3--delete-player-successfully-chromium/test-failed-1.png
    ────────────────────────────────────────────────────────────────────────────────────────────────

    attachment #2: video (video/webm) ──────────────────────────────────────────────────────────────
    ../test-results/player-management-Feature--941c3--delete-player-successfully-chromium/video.webm
    ────────────────────────────────────────────────────────────────────────────────────────────────

    Error Context: ../test-results/player-management-Feature--941c3--delete-player-successfully-chromium/error-context.md
]]>
</failure>
<system-out>
<![CDATA[
[[ATTACHMENT|player-management-Feature--941c3--delete-player-successfully-chromium/test-failed-1.png]]

[[ATTACHMENT|player-management-Feature--941c3--delete-player-successfully-chromium/video.webm]]

[[ATTACHMENT|player-management-Feature--941c3--delete-player-successfully-chromium/error-context.md]]
]]>
</system-out>
</testcase>
<testcase name="Feature: Player Management › should navigate to player detail page" classname="player-management.spec.ts" time="62.162">
<failure message="player-management.spec.ts:150:7 should navigate to player detail page" type="FAILURE">
<![CDATA[  [chromium] › player-management.spec.ts:150:7 › Feature: Player Management › should navigate to player detail page 

    Test timeout of 60000ms exceeded while running "beforeEach" hook.

      18 |   let testNickname: string;
      19 |
    > 20 |   test.beforeEach(async ({ page }) => {
         |        ^
      21 |     playersPage = new PlayersPage(page);
      22 |     testPlayerName = TestDataHelper.generatePlayerName();
      23 |     testNickname = TestDataHelper.generateNickname();
        at /Users/private/projects/studio/e2e/player-management.spec.ts:20:8

    Error: page.waitForLoadState: Test timeout of 60000ms exceeded.

       at page-objects/BasePage.ts:33

      31 |    */
      32 |   async waitForPageLoad(): Promise<void> {
    > 33 |     await this.page.waitForLoadState('networkidle');
         |                     ^
      34 |   }
      35 |
      36 |   /**
        at PlayersPage.waitForPageLoad (/Users/private/projects/studio/e2e/page-objects/BasePage.ts:33:21)
        at PlayersPage.navigate (/Users/private/projects/studio/e2e/page-objects/PlayersPage.ts:49:16)
        at /Users/private/projects/studio/e2e/player-management.spec.ts:26:5

    attachment #1: screenshot (image/png) ──────────────────────────────────────────────────────────
    ../test-results/player-management-Feature--979c3-igate-to-player-detail-page-chromium/test-failed-1.png
    ────────────────────────────────────────────────────────────────────────────────────────────────

    attachment #2: video (video/webm) ──────────────────────────────────────────────────────────────
    ../test-results/player-management-Feature--979c3-igate-to-player-detail-page-chromium/video.webm
    ────────────────────────────────────────────────────────────────────────────────────────────────

    Error Context: ../test-results/player-management-Feature--979c3-igate-to-player-detail-page-chromium/error-context.md
]]>
</failure>
<system-out>
<![CDATA[
[[ATTACHMENT|player-management-Feature--979c3-igate-to-player-detail-page-chromium/test-failed-1.png]]

[[ATTACHMENT|player-management-Feature--979c3-igate-to-player-detail-page-chromium/video.webm]]

[[ATTACHMENT|player-management-Feature--979c3-igate-to-player-detail-page-chromium/error-context.md]]
]]>
</system-out>
</testcase>
<testcase name="Feature: Player Management › should show validation for duplicate player names" classname="player-management.spec.ts" time="62.325">
<failure message="player-management.spec.ts:162:7 should show validation for duplicate player names" type="FAILURE">
<![CDATA[  [chromium] › player-management.spec.ts:162:7 › Feature: Player Management › should show validation for duplicate player names 

    Test timeout of 60000ms exceeded while running "beforeEach" hook.

      18 |   let testNickname: string;
      19 |
    > 20 |   test.beforeEach(async ({ page }) => {
         |        ^
      21 |     playersPage = new PlayersPage(page);
      22 |     testPlayerName = TestDataHelper.generatePlayerName();
      23 |     testNickname = TestDataHelper.generateNickname();
        at /Users/private/projects/studio/e2e/player-management.spec.ts:20:8

    Error: page.waitForLoadState: Test timeout of 60000ms exceeded.

       at page-objects/BasePage.ts:33

      31 |    */
      32 |   async waitForPageLoad(): Promise<void> {
    > 33 |     await this.page.waitForLoadState('networkidle');
         |                     ^
      34 |   }
      35 |
      36 |   /**
        at PlayersPage.waitForPageLoad (/Users/private/projects/studio/e2e/page-objects/BasePage.ts:33:21)
        at PlayersPage.navigate (/Users/private/projects/studio/e2e/page-objects/PlayersPage.ts:49:16)
        at /Users/private/projects/studio/e2e/player-management.spec.ts:26:5

    attachment #1: screenshot (image/png) ──────────────────────────────────────────────────────────
    ../test-results/player-management-Feature--84349--for-duplicate-player-names-chromium/test-failed-1.png
    ────────────────────────────────────────────────────────────────────────────────────────────────

    attachment #2: video (video/webm) ──────────────────────────────────────────────────────────────
    ../test-results/player-management-Feature--84349--for-duplicate-player-names-chromium/video.webm
    ────────────────────────────────────────────────────────────────────────────────────────────────

    Error Context: ../test-results/player-management-Feature--84349--for-duplicate-player-names-chromium/error-context.md
]]>
</failure>
<system-out>
<![CDATA[
[[ATTACHMENT|player-management-Feature--84349--for-duplicate-player-names-chromium/test-failed-1.png]]

[[ATTACHMENT|player-management-Feature--84349--for-duplicate-player-names-chromium/video.webm]]

[[ATTACHMENT|player-management-Feature--84349--for-duplicate-player-names-chromium/error-context.md]]
]]>
</system-out>
</testcase>
<testcase name="Feature: Player Management › should display player with generated avatar when no photo URL provided" classname="player-management.spec.ts" time="61.735">
<failure message="player-management.spec.ts:177:7 should display player with generated avatar when no photo URL provided" type="FAILURE">
<![CDATA[  [chromium] › player-management.spec.ts:177:7 › Feature: Player Management › should display player with generated avatar when no photo URL provided 

    Test timeout of 60000ms exceeded while running "beforeEach" hook.

      18 |   let testNickname: string;
      19 |
    > 20 |   test.beforeEach(async ({ page }) => {
         |        ^
      21 |     playersPage = new PlayersPage(page);
      22 |     testPlayerName = TestDataHelper.generatePlayerName();
      23 |     testNickname = TestDataHelper.generateNickname();
        at /Users/private/projects/studio/e2e/player-management.spec.ts:20:8

    Error: page.waitForLoadState: Test timeout of 60000ms exceeded.

       at page-objects/BasePage.ts:33

      31 |    */
      32 |   async waitForPageLoad(): Promise<void> {
    > 33 |     await this.page.waitForLoadState('networkidle');
         |                     ^
      34 |   }
      35 |
      36 |   /**
        at PlayersPage.waitForPageLoad (/Users/private/projects/studio/e2e/page-objects/BasePage.ts:33:21)
        at PlayersPage.navigate (/Users/private/projects/studio/e2e/page-objects/PlayersPage.ts:49:16)
        at /Users/private/projects/studio/e2e/player-management.spec.ts:26:5

    attachment #1: screenshot (image/png) ──────────────────────────────────────────────────────────
    ../test-results/player-management-Feature--25a5a--when-no-photo-URL-provided-chromium/test-failed-1.png
    ────────────────────────────────────────────────────────────────────────────────────────────────

    attachment #2: video (video/webm) ──────────────────────────────────────────────────────────────
    ../test-results/player-management-Feature--25a5a--when-no-photo-URL-provided-chromium/video.webm
    ────────────────────────────────────────────────────────────────────────────────────────────────

    Error Context: ../test-results/player-management-Feature--25a5a--when-no-photo-URL-provided-chromium/error-context.md
]]>
</failure>
<system-out>
<![CDATA[
[[ATTACHMENT|player-management-Feature--25a5a--when-no-photo-URL-provided-chromium/test-failed-1.png]]

[[ATTACHMENT|player-management-Feature--25a5a--when-no-photo-URL-provided-chromium/video.webm]]

[[ATTACHMENT|player-management-Feature--25a5a--when-no-photo-URL-provided-chromium/error-context.md]]
]]>
</system-out>
</testcase>
</testsuite>
<testsuite name="responsive-design.spec.ts" timestamp="2025-11-17T22:07:46.142Z" hostname="chromium" tests="19" failures="9" skipped="10" time="579.731" errors="0">
<testcase name="Feature: Responsive Design › Mobile - Portrait › should display mobile navigation correctly" classname="responsive-design.spec.ts" time="62.455">
<failure message="responsive-design.spec.ts:18:9 should display mobile navigation correctly" type="FAILURE">
<![CDATA[  [chromium] › responsive-design.spec.ts:18:9 › Feature: Responsive Design › Mobile - Portrait › should display mobile navigation correctly 

    Test timeout of 60000ms exceeded.

    Error: page.waitForLoadState: Test timeout of 60000ms exceeded.

       at page-objects/BasePage.ts:33

      31 |    */
      32 |   async waitForPageLoad(): Promise<void> {
    > 33 |     await this.page.waitForLoadState('networkidle');
         |                     ^
      34 |   }
      35 |
      36 |   /**
        at DashboardPage.waitForPageLoad (/Users/private/projects/studio/e2e/page-objects/BasePage.ts:33:21)
        at DashboardPage.navigate (/Users/private/projects/studio/e2e/page-objects/DashboardPage.ts:39:16)
        at /Users/private/projects/studio/e2e/responsive-design.spec.ts:21:7

    attachment #1: screenshot (image/png) ──────────────────────────────────────────────────────────
    ../test-results/responsive-design-Feature--2f87f-mobile-navigation-correctly-chromium/test-failed-1.png
    ────────────────────────────────────────────────────────────────────────────────────────────────

    attachment #2: video (video/webm) ──────────────────────────────────────────────────────────────
    ../test-results/responsive-design-Feature--2f87f-mobile-navigation-correctly-chromium/video.webm
    ────────────────────────────────────────────────────────────────────────────────────────────────

    Error Context: ../test-results/responsive-design-Feature--2f87f-mobile-navigation-correctly-chromium/error-context.md
]]>
</failure>
<system-out>
<![CDATA[
[[ATTACHMENT|responsive-design-Feature--2f87f-mobile-navigation-correctly-chromium/test-failed-1.png]]

[[ATTACHMENT|responsive-design-Feature--2f87f-mobile-navigation-correctly-chromium/video.webm]]

[[ATTACHMENT|responsive-design-Feature--2f87f-mobile-navigation-correctly-chromium/error-context.md]]
]]>
</system-out>
</testcase>
<testcase name="Feature: Responsive Design › Mobile - Portrait › should adapt dashboard layout for mobile" classname="responsive-design.spec.ts" time="62.815">
<failure message="responsive-design.spec.ts:30:9 should adapt dashboard layout for mobile" type="FAILURE">
<![CDATA[  [chromium] › responsive-design.spec.ts:30:9 › Feature: Responsive Design › Mobile - Portrait › should adapt dashboard layout for mobile 

    Test timeout of 60000ms exceeded.

    Error: page.waitForLoadState: Test timeout of 60000ms exceeded.

       at page-objects/BasePage.ts:33

      31 |    */
      32 |   async waitForPageLoad(): Promise<void> {
    > 33 |     await this.page.waitForLoadState('networkidle');
         |                     ^
      34 |   }
      35 |
      36 |   /**
        at DashboardPage.waitForPageLoad (/Users/private/projects/studio/e2e/page-objects/BasePage.ts:33:21)
        at DashboardPage.navigate (/Users/private/projects/studio/e2e/page-objects/DashboardPage.ts:39:16)
        at /Users/private/projects/studio/e2e/responsive-design.spec.ts:33:7

    attachment #1: screenshot (image/png) ──────────────────────────────────────────────────────────
    ../test-results/responsive-design-Feature--3667c-dashboard-layout-for-mobile-chromium/test-failed-1.png
    ────────────────────────────────────────────────────────────────────────────────────────────────

    attachment #2: video (video/webm) ──────────────────────────────────────────────────────────────
    ../test-results/responsive-design-Feature--3667c-dashboard-layout-for-mobile-chromium/video.webm
    ────────────────────────────────────────────────────────────────────────────────────────────────

    Error Context: ../test-results/responsive-design-Feature--3667c-dashboard-layout-for-mobile-chromium/error-context.md
]]>
</failure>
<system-out>
<![CDATA[
[[ATTACHMENT|responsive-design-Feature--3667c-dashboard-layout-for-mobile-chromium/test-failed-1.png]]

[[ATTACHMENT|responsive-design-Feature--3667c-dashboard-layout-for-mobile-chromium/video.webm]]

[[ATTACHMENT|responsive-design-Feature--3667c-dashboard-layout-for-mobile-chromium/error-context.md]]
]]>
</system-out>
</testcase>
<testcase name="Feature: Responsive Design › Mobile - Portrait › should make action buttons accessible on mobile" classname="responsive-design.spec.ts" time="62.543">
<failure message="responsive-design.spec.ts:43:9 should make action buttons accessible on mobile" type="FAILURE">
<![CDATA[  [chromium] › responsive-design.spec.ts:43:9 › Feature: Responsive Design › Mobile - Portrait › should make action buttons accessible on mobile 

    Test timeout of 60000ms exceeded.

    Error: page.waitForLoadState: Test timeout of 60000ms exceeded.

       at page-objects/BasePage.ts:33

      31 |    */
      32 |   async waitForPageLoad(): Promise<void> {
    > 33 |     await this.page.waitForLoadState('networkidle');
         |                     ^
      34 |   }
      35 |
      36 |   /**
        at DashboardPage.waitForPageLoad (/Users/private/projects/studio/e2e/page-objects/BasePage.ts:33:21)
        at DashboardPage.navigate (/Users/private/projects/studio/e2e/page-objects/DashboardPage.ts:39:16)
        at /Users/private/projects/studio/e2e/responsive-design.spec.ts:46:7

    attachment #1: screenshot (image/png) ──────────────────────────────────────────────────────────
    ../test-results/responsive-design-Feature--637eb-uttons-accessible-on-mobile-chromium/test-failed-1.png
    ────────────────────────────────────────────────────────────────────────────────────────────────

    attachment #2: video (video/webm) ──────────────────────────────────────────────────────────────
    ../test-results/responsive-design-Feature--637eb-uttons-accessible-on-mobile-chromium/video.webm
    ────────────────────────────────────────────────────────────────────────────────────────────────

    Error Context: ../test-results/responsive-design-Feature--637eb-uttons-accessible-on-mobile-chromium/error-context.md
]]>
</failure>
<system-out>
<![CDATA[
[[ATTACHMENT|responsive-design-Feature--637eb-uttons-accessible-on-mobile-chromium/test-failed-1.png]]

[[ATTACHMENT|responsive-design-Feature--637eb-uttons-accessible-on-mobile-chromium/video.webm]]

[[ATTACHMENT|responsive-design-Feature--637eb-uttons-accessible-on-mobile-chromium/error-context.md]]
]]>
</system-out>
</testcase>
<testcase name="Feature: Responsive Design › Mobile - Portrait › should handle table scrolling on mobile" classname="responsive-design.spec.ts" time="62.601">
<failure message="responsive-design.spec.ts:53:9 should handle table scrolling on mobile" type="FAILURE">
<![CDATA[  [chromium] › responsive-design.spec.ts:53:9 › Feature: Responsive Design › Mobile - Portrait › should handle table scrolling on mobile 

    Test timeout of 60000ms exceeded.

    Error: page.waitForLoadState: Test timeout of 60000ms exceeded.

       at page-objects/BasePage.ts:33

      31 |    */
      32 |   async waitForPageLoad(): Promise<void> {
    > 33 |     await this.page.waitForLoadState('networkidle');
         |                     ^
      34 |   }
      35 |
      36 |   /**
        at MoneyPage.waitForPageLoad (/Users/private/projects/studio/e2e/page-objects/BasePage.ts:33:21)
        at MoneyPage.navigate (/Users/private/projects/studio/e2e/page-objects/MoneyPage.ts:71:16)
        at /Users/private/projects/studio/e2e/responsive-design.spec.ts:56:7

    attachment #1: screenshot (image/png) ──────────────────────────────────────────────────────────
    ../test-results/responsive-design-Feature--51149-e-table-scrolling-on-mobile-chromium/test-failed-1.png
    ────────────────────────────────────────────────────────────────────────────────────────────────

    attachment #2: video (video/webm) ──────────────────────────────────────────────────────────────
    ../test-results/responsive-design-Feature--51149-e-table-scrolling-on-mobile-chromium/video.webm
    ────────────────────────────────────────────────────────────────────────────────────────────────

    Error Context: ../test-results/responsive-design-Feature--51149-e-table-scrolling-on-mobile-chromium/error-context.md
]]>
</failure>
<system-out>
<![CDATA[
[[ATTACHMENT|responsive-design-Feature--51149-e-table-scrolling-on-mobile-chromium/test-failed-1.png]]

[[ATTACHMENT|responsive-design-Feature--51149-e-table-scrolling-on-mobile-chromium/video.webm]]

[[ATTACHMENT|responsive-design-Feature--51149-e-table-scrolling-on-mobile-chromium/error-context.md]]
]]>
</system-out>
</testcase>
<testcase name="Feature: Responsive Design › Mobile - Landscape › should adapt to landscape orientation" classname="responsive-design.spec.ts" time="62.276">
<failure message="responsive-design.spec.ts:70:9 should adapt to landscape orientation" type="FAILURE">
<![CDATA[  [chromium] › responsive-design.spec.ts:70:9 › Feature: Responsive Design › Mobile - Landscape › should adapt to landscape orientation 

    Test timeout of 60000ms exceeded.

    Error: page.waitForLoadState: Test timeout of 60000ms exceeded.

       at page-objects/BasePage.ts:33

      31 |    */
      32 |   async waitForPageLoad(): Promise<void> {
    > 33 |     await this.page.waitForLoadState('networkidle');
         |                     ^
      34 |   }
      35 |
      36 |   /**
        at DashboardPage.waitForPageLoad (/Users/private/projects/studio/e2e/page-objects/BasePage.ts:33:21)
        at DashboardPage.navigate (/Users/private/projects/studio/e2e/page-objects/DashboardPage.ts:39:16)
        at /Users/private/projects/studio/e2e/responsive-design.spec.ts:73:7

    attachment #1: screenshot (image/png) ──────────────────────────────────────────────────────────
    ../test-results/responsive-design-Feature--cf34b-pt-to-landscape-orientation-chromium/test-failed-1.png
    ────────────────────────────────────────────────────────────────────────────────────────────────

    attachment #2: video (video/webm) ──────────────────────────────────────────────────────────────
    ../test-results/responsive-design-Feature--cf34b-pt-to-landscape-orientation-chromium/video.webm
    ────────────────────────────────────────────────────────────────────────────────────────────────

    Error Context: ../test-results/responsive-design-Feature--cf34b-pt-to-landscape-orientation-chromium/error-context.md
]]>
</failure>
<system-out>
<![CDATA[
[[ATTACHMENT|responsive-design-Feature--cf34b-pt-to-landscape-orientation-chromium/test-failed-1.png]]

[[ATTACHMENT|responsive-design-Feature--cf34b-pt-to-landscape-orientation-chromium/video.webm]]

[[ATTACHMENT|responsive-design-Feature--cf34b-pt-to-landscape-orientation-chromium/error-context.md]]
]]>
</system-out>
</testcase>
<testcase name="Feature: Responsive Design › Tablet › should display tablet layout correctly" classname="responsive-design.spec.ts" time="62.384">
<failure message="responsive-design.spec.ts:83:9 should display tablet layout correctly" type="FAILURE">
<![CDATA[  [chromium] › responsive-design.spec.ts:83:9 › Feature: Responsive Design › Tablet › should display tablet layout correctly 

    Test timeout of 60000ms exceeded.

    Error: page.waitForLoadState: Test timeout of 60000ms exceeded.

       at page-objects/BasePage.ts:33

      31 |    */
      32 |   async waitForPageLoad(): Promise<void> {
    > 33 |     await this.page.waitForLoadState('networkidle');
         |                     ^
      34 |   }
      35 |
      36 |   /**
        at DashboardPage.waitForPageLoad (/Users/private/projects/studio/e2e/page-objects/BasePage.ts:33:21)
        at DashboardPage.navigate (/Users/private/projects/studio/e2e/page-objects/DashboardPage.ts:39:16)
        at /Users/private/projects/studio/e2e/responsive-design.spec.ts:86:7

    attachment #1: screenshot (image/png) ──────────────────────────────────────────────────────────
    ../test-results/responsive-design-Feature--d04cd-lay-tablet-layout-correctly-chromium/test-failed-1.png
    ────────────────────────────────────────────────────────────────────────────────────────────────

    attachment #2: video (video/webm) ──────────────────────────────────────────────────────────────
    ../test-results/responsive-design-Feature--d04cd-lay-tablet-layout-correctly-chromium/video.webm
    ────────────────────────────────────────────────────────────────────────────────────────────────

    Error Context: ../test-results/responsive-design-Feature--d04cd-lay-tablet-layout-correctly-chromium/error-context.md
]]>
</failure>
<system-out>
<![CDATA[
[[ATTACHMENT|responsive-design-Feature--d04cd-lay-tablet-layout-correctly-chromium/test-failed-1.png]]

[[ATTACHMENT|responsive-design-Feature--d04cd-lay-tablet-layout-correctly-chromium/video.webm]]

[[ATTACHMENT|responsive-design-Feature--d04cd-lay-tablet-layout-correctly-chromium/error-context.md]]
]]>
</system-out>
</testcase>
<testcase name="Feature: Responsive Design › Tablet › should show grid layouts on tablet" classname="responsive-design.spec.ts" time="62.414">
<failure message="responsive-design.spec.ts:96:9 should show grid layouts on tablet" type="FAILURE">
<![CDATA[  [chromium] › responsive-design.spec.ts:96:9 › Feature: Responsive Design › Tablet › should show grid layouts on tablet 

    Test timeout of 60000ms exceeded.

    Error: page.waitForLoadState: Test timeout of 60000ms exceeded.

       at page-objects/BasePage.ts:33

      31 |    */
      32 |   async waitForPageLoad(): Promise<void> {
    > 33 |     await this.page.waitForLoadState('networkidle');
         |                     ^
      34 |   }
      35 |
      36 |   /**
        at DashboardPage.waitForPageLoad (/Users/private/projects/studio/e2e/page-objects/BasePage.ts:33:21)
        at DashboardPage.navigate (/Users/private/projects/studio/e2e/page-objects/DashboardPage.ts:39:16)
        at /Users/private/projects/studio/e2e/responsive-design.spec.ts:99:7

    attachment #1: screenshot (image/png) ──────────────────────────────────────────────────────────
    ../test-results/responsive-design-Feature--7c4a9-show-grid-layouts-on-tablet-chromium/test-failed-1.png
    ────────────────────────────────────────────────────────────────────────────────────────────────

    attachment #2: video (video/webm) ──────────────────────────────────────────────────────────────
    ../test-results/responsive-design-Feature--7c4a9-show-grid-layouts-on-tablet-chromium/video.webm
    ────────────────────────────────────────────────────────────────────────────────────────────────

    Error Context: ../test-results/responsive-design-Feature--7c4a9-show-grid-layouts-on-tablet-chromium/error-context.md
]]>
</failure>
<system-out>
<![CDATA[
[[ATTACHMENT|responsive-design-Feature--7c4a9-show-grid-layouts-on-tablet-chromium/test-failed-1.png]]

[[ATTACHMENT|responsive-design-Feature--7c4a9-show-grid-layouts-on-tablet-chromium/video.webm]]

[[ATTACHMENT|responsive-design-Feature--7c4a9-show-grid-layouts-on-tablet-chromium/error-context.md]]
]]>
</system-out>
</testcase>
<testcase name="Feature: Responsive Design › Desktop › should display full desktop layout" classname="responsive-design.spec.ts" time="62.458">
<failure message="responsive-design.spec.ts:109:9 should display full desktop layout" type="FAILURE">
<![CDATA[  [chromium] › responsive-design.spec.ts:109:9 › Feature: Responsive Design › Desktop › should display full desktop layout 

    Test timeout of 60000ms exceeded.

    Error: page.waitForLoadState: Test timeout of 60000ms exceeded.

       at page-objects/BasePage.ts:33

      31 |    */
      32 |   async waitForPageLoad(): Promise<void> {
    > 33 |     await this.page.waitForLoadState('networkidle');
         |                     ^
      34 |   }
      35 |
      36 |   /**
        at DashboardPage.waitForPageLoad (/Users/private/projects/studio/e2e/page-objects/BasePage.ts:33:21)
        at DashboardPage.navigate (/Users/private/projects/studio/e2e/page-objects/DashboardPage.ts:39:16)
        at /Users/private/projects/studio/e2e/responsive-design.spec.ts:112:7

    attachment #1: screenshot (image/png) ──────────────────────────────────────────────────────────
    ../test-results/responsive-design-Feature--b93ab-display-full-desktop-layout-chromium/test-failed-1.png
    ────────────────────────────────────────────────────────────────────────────────────────────────

    attachment #2: video (video/webm) ──────────────────────────────────────────────────────────────
    ../test-results/responsive-design-Feature--b93ab-display-full-desktop-layout-chromium/video.webm
    ────────────────────────────────────────────────────────────────────────────────────────────────

    Error Context: ../test-results/responsive-design-Feature--b93ab-display-full-desktop-layout-chromium/error-context.md
]]>
</failure>
<system-out>
<![CDATA[
[[ATTACHMENT|responsive-design-Feature--b93ab-display-full-desktop-layout-chromium/test-failed-1.png]]

[[ATTACHMENT|responsive-design-Feature--b93ab-display-full-desktop-layout-chromium/video.webm]]

[[ATTACHMENT|responsive-design-Feature--b93ab-display-full-desktop-layout-chromium/error-context.md]]
]]>
</system-out>
</testcase>
<testcase name="Feature: Responsive Design › Desktop › should show sidebar navigation on desktop" classname="responsive-design.spec.ts" time="62.336">
<failure message="responsive-design.spec.ts:121:9 should show sidebar navigation on desktop" type="FAILURE">
<![CDATA[  [chromium] › responsive-design.spec.ts:121:9 › Feature: Responsive Design › Desktop › should show sidebar navigation on desktop 

    Test timeout of 60000ms exceeded.

    Error: page.waitForLoadState: Test timeout of 60000ms exceeded.

       at page-objects/BasePage.ts:33

      31 |    */
      32 |   async waitForPageLoad(): Promise<void> {
    > 33 |     await this.page.waitForLoadState('networkidle');
         |                     ^
      34 |   }
      35 |
      36 |   /**
        at DashboardPage.waitForPageLoad (/Users/private/projects/studio/e2e/page-objects/BasePage.ts:33:21)
        at DashboardPage.navigate (/Users/private/projects/studio/e2e/page-objects/DashboardPage.ts:39:16)
        at /Users/private/projects/studio/e2e/responsive-design.spec.ts:124:7

    attachment #1: screenshot (image/png) ──────────────────────────────────────────────────────────
    ../test-results/responsive-design-Feature--71ce7-debar-navigation-on-desktop-chromium/test-failed-1.png
    ────────────────────────────────────────────────────────────────────────────────────────────────

    attachment #2: video (video/webm) ──────────────────────────────────────────────────────────────
    ../test-results/responsive-design-Feature--71ce7-debar-navigation-on-desktop-chromium/video.webm
    ────────────────────────────────────────────────────────────────────────────────────────────────

    Error Context: ../test-results/responsive-design-Feature--71ce7-debar-navigation-on-desktop-chromium/error-context.md
]]>
</failure>
<system-out>
<![CDATA[
[[ATTACHMENT|responsive-design-Feature--71ce7-debar-navigation-on-desktop-chromium/test-failed-1.png]]

[[ATTACHMENT|responsive-design-Feature--71ce7-debar-navigation-on-desktop-chromium/video.webm]]

[[ATTACHMENT|responsive-design-Feature--71ce7-debar-navigation-on-desktop-chromium/error-context.md]]
]]>
</system-out>
</testcase>
<testcase name="Feature: Responsive Design › Desktop › should display charts at full width on desktop" classname="responsive-design.spec.ts" time="17.449">
<skipped>
</skipped>
</testcase>
<testcase name="Feature: Responsive Design › Desktop › should show hover effects on desktop" classname="responsive-design.spec.ts" time="0">
<skipped>
</skipped>
</testcase>
<testcase name="Feature: Responsive Design › Cross-Device Consistency › should maintain data consistency across viewports" classname="responsive-design.spec.ts" time="0">
<skipped>
</skipped>
</testcase>
<testcase name="Feature: Responsive Design › Cross-Device Consistency › should maintain functionality across devices" classname="responsive-design.spec.ts" time="0">
<skipped>
</skipped>
</testcase>
<testcase name="Feature: Responsive Design › Orientation Changes › should handle orientation change gracefully" classname="responsive-design.spec.ts" time="0">
<skipped>
</skipped>
</testcase>
<testcase name="Feature: Responsive Design › Touch Interactions › should support touch interactions on mobile" classname="responsive-design.spec.ts" time="0">
<skipped>
</skipped>
</testcase>
<testcase name="Feature: Responsive Design › Touch Interactions › should support swipe gestures for scrolling" classname="responsive-design.spec.ts" time="0">
<skipped>
</skipped>
</testcase>
<testcase name="Feature: Responsive Design › Text Readability › should maintain readable text on small screens" classname="responsive-design.spec.ts" time="0">
<skipped>
</skipped>
</testcase>
<testcase name="Feature: Responsive Design › Text Readability › should not cause horizontal scrolling on mobile" classname="responsive-design.spec.ts" time="0">
<skipped>
</skipped>
</testcase>
<testcase name="Feature: Responsive Design › Performance on Different Devices › should load quickly on mobile networks" classname="responsive-design.spec.ts" time="0">
<skipped>
</skipped>
</testcase>
</testsuite>
</testsuites>